2019-04-24 00:04:51,170 - basepage - INFO - 等待元素可见：('id', 'com.lemon.lemonban:id/navigation_tiku') - [basepage.py:31]
2019-04-24 00:04:59,524 - basepage - INFO - 元素已可见。等待元素可见总时长:8.351526975631714 - [basepage.py:39]
2019-04-24 00:05:07,920 - basepage - INFO - 查找模块：tiku下的元素：('id', 'com.lemon.lemonban:id/fragment_category_type') - [basepage.py:64]
2019-04-24 00:05:08,421 - basepage - INFO - 查找到元素成功 - [basepage.py:67]
2019-04-24 00:05:14,838 - basepage - INFO - 查找模块：tiku下的元素：('id', 'com.lemon.lemonban:id/fragment_category_type') - [basepage.py:64]
2019-04-24 00:05:15,232 - basepage - INFO - 查找到元素成功 - [basepage.py:67]
2019-04-24 00:05:36,075 - basepage - INFO - 等待元素可见：('-android uiautomator', 'new UiSelector().text("安全测试")') - [basepage.py:31]
2019-04-24 00:05:36,993 - basepage - INFO - 元素已可见。等待元素可见总时长:0.9177520275115967 - [basepage.py:39]
2019-04-24 00:05:41,148 - basepage - INFO - 查找模块：tikuPage下的元素：('id', 'com.lemon.lemonban:id/second_level') - [basepage.py:51]
2019-04-24 00:05:41,430 - basepage - INFO - 查找到元素成功 - [basepage.py:54]
2019-04-24 19:59:56,963 - basepage - INFO - 等待元素可见：('id', 'com.lemon.lemonban:id/navigation_tiku') - [basepage.py:31]
2019-04-24 20:00:02,521 - basepage - INFO - 元素已可见。等待元素可见总时长:5.461220979690552 - [basepage.py:39]
2019-04-24 20:00:06,640 - basepage - INFO - 查找模块：tiku下的元素：('id', 'com.lemon.lemonban:id/fragment_category_type') - [basepage.py:64]
2019-04-24 20:00:06,988 - basepage - INFO - 查找到元素成功 - [basepage.py:67]
2019-04-24 20:00:12,595 - basepage - INFO - 查找模块：tiku下的元素：('id', 'com.lemon.lemonban:id/fragment_category_type') - [basepage.py:64]
2019-04-24 20:00:12,962 - basepage - INFO - 查找到元素成功 - [basepage.py:67]
2019-04-24 20:00:32,564 - basepage - INFO - 等待元素可见：('-android uiautomator', 'new UiSelector().text("Python自动化")') - [basepage.py:31]
2019-04-24 20:00:33,272 - basepage - INFO - 元素已可见。等待元素可见总时长:0.7068629264831543 - [basepage.py:39]
2019-04-24 20:00:34,911 - basepage - INFO - 查找模块：tikuPage下的元素：('id', 'com.lemon.lemonban:id/first_level') - [basepage.py:51]
2019-04-24 20:00:35,150 - basepage - INFO - 查找到元素成功 - [basepage.py:54]
2019-04-24 20:08:01,292 - basepage - INFO - 等待元素可见：('id', 'com.lemon.lemonban:id/navigation_tiku') - [basepage.py:31]
2019-04-24 20:08:05,976 - basepage - INFO - 元素已可见。等待元素可见总时长:4.6613922119140625 - [basepage.py:39]
2019-04-24 20:08:09,976 - basepage - INFO - 查找模块：tiku下的元素：('id', 'com.lemon.lemonban:id/fragment_category_type') - [basepage.py:64]
2019-04-24 20:08:10,388 - basepage - INFO - 查找到元素成功 - [basepage.py:67]
2019-04-24 20:08:16,293 - basepage - INFO - 查找模块：tiku下的元素：('id', 'com.lemon.lemonban:id/fragment_category_type') - [basepage.py:64]
2019-04-24 20:08:16,684 - basepage - INFO - 查找到元素成功 - [basepage.py:67]
2019-04-24 20:08:37,104 - basepage - INFO - 等待元素可见：('-android uiautomator', 'new UiSelector().text("Java自动化")') - [basepage.py:31]
2019-04-24 20:08:37,835 - basepage - INFO - 元素已可见。等待元素可见总时长:0.7302930355072021 - [basepage.py:39]
2019-04-24 20:08:39,734 - basepage - INFO - 查找模块：tikuPage下的元素：('id', 'com.lemon.lemonban:id/second_level') - [basepage.py:51]
2019-04-24 20:08:40,012 - basepage - INFO - 查找到元素成功 - [basepage.py:54]
2019-04-24 20:18:24,002 - basepage - INFO - 等待元素可见：('id', 'com.lemon.lemonban:id/navigation_tiku') - [basepage.py:31]
2019-04-24 20:18:29,241 - basepage - INFO - 元素已可见。等待元素可见总时长:5.215023994445801 - [basepage.py:39]
2019-04-24 20:18:32,761 - basepage - INFO - 查找模块：tiku下的元素：('id', 'com.lemon.lemonban:id/fragment_category_type') - [basepage.py:64]
2019-04-24 20:18:33,174 - basepage - INFO - 查找到元素成功 - [basepage.py:67]
2019-04-24 20:18:38,945 - basepage - INFO - 查找模块：tiku下的元素：('id', 'com.lemon.lemonban:id/fragment_category_type') - [basepage.py:64]
2019-04-24 20:18:39,348 - basepage - INFO - 查找到元素成功 - [basepage.py:67]
2019-04-24 20:18:59,233 - basepage - INFO - 等待元素可见：('-android uiautomator', 'new UiSelector().text("逻辑思维题")') - [basepage.py:31]
2019-04-24 20:18:59,957 - basepage - INFO - 元素已可见。等待元素可见总时长:0.724431037902832 - [basepage.py:39]
2019-04-24 20:19:01,882 - basepage - INFO - 查找模块：tikuPage下的元素：('id', 'com.lemon.lemonban:id/second_level') - [basepage.py:51]
2019-04-24 20:19:02,530 - basepage - INFO - 查找到元素成功 - [basepage.py:54]
