2019-04-26 23:10:23,290 - basepage - INFO - 等待元素可见：('id', 'com.lemon.lemonban:id/navigation_tiku') - [basepage.py:31]
2019-04-26 23:10:28,693 - basepage - INFO - 元素已可见。等待元素可见总时长:5.403034687042236 - [basepage.py:39]
2019-04-26 23:10:29,832 - basepage - INFO - 查找模块：model下的元素：('id', 'com.lemon.lemonban:id/button_go_login') - [basepage.py:51]
2019-04-26 23:10:29,908 - basepage - INFO - 查找到元素成功 - [basepage.py:54]
2019-04-26 23:10:29,909 - basepage - INFO - 点击操作：模块 model 下的元素 ('id', 'com.lemon.lemonban:id/button_go_login') - [basepage.py:81]
2019-04-26 23:10:29,970 - basepage - INFO - 查找模块：LoginPage下的元素：('id', 'com.lemon.lemonban:id/et_mobile') - [basepage.py:51]
2019-04-26 23:10:30,568 - basepage - ERROR - 查找元素失败。 - [basepage.py:58]
Traceback (most recent call last):
  File "D:\PYworkspace\app_test\pages\basepage.py", line 53, in get_element
    ele =  self.driver.find_element(*locator)
  File "C:\Users\asus\AppData\Local\Programs\Python\Python36\lib\site-packages\appium\webdriver\webdriver.py", line 221, in find_element
    'value': value})['value']
  File "C:\Users\asus\AppData\Local\Programs\Python\Python36\lib\site-packages\selenium\webdriver\remote\webdriver.py", line 320, in execute
    self.error_handler.check_response(response)
  File "C:\Users\asus\AppData\Local\Programs\Python\Python36\lib\site-packages\appium\webdriver\errorhandler.py", line 29, in check_response
    raise wde
  File "C:\Users\asus\AppData\Local\Programs\Python\Python36\lib\site-packages\appium\webdriver\errorhandler.py", line 24, in check_response
    super(MobileErrorHandler, self).check_response(response)
  File "C:\Users\asus\AppData\Local\Programs\Python\Python36\lib\site-packages\selenium\webdriver\remote\errorhandler.py", line 242, in check_response
    raise exception_class(message, screen, stacktrace)
selenium.common.exceptions.NoSuchElementException: Message: An element could not be located on the page using the given search parameters.

2019-04-26 23:10:31,517 - basepage - INFO - 截图成功，文件路径为：D:\PYworkspace\app_test\outputs/screenshots/LoginPage_2019-04-26-23-10-30.png - [basepage.py:145]
2019-04-26 23:10:31,696 - basepage - INFO - 查找模块：LoginPage下的元素：('id', 'com.lemon.lemonban:id/et_mobile') - [basepage.py:51]
2019-04-26 23:10:31,880 - basepage - INFO - 查找到元素成功 - [basepage.py:54]
2019-04-26 23:10:31,880 - basepage - INFO - 点击操作：模块 LoginPage 下的元素 ('id', 'com.lemon.lemonban:id/et_mobile') - [basepage.py:81]
2019-04-26 23:10:32,019 - basepage - INFO - 查找模块：model下的元素：('id', 'com.lemon.lemonban:id/et_mobile') - [basepage.py:51]
2019-04-26 23:10:32,811 - basepage - INFO - 查找到元素成功 - [basepage.py:54]
2019-04-26 23:10:32,998 - basepage - INFO - 查找模块：LoginPage下的元素：('id', 'com.lemon.lemonban:id/et_mobile') - [basepage.py:51]
2019-04-26 23:10:33,524 - basepage - INFO - 查找到元素成功 - [basepage.py:54]
2019-04-26 23:10:33,525 - basepage - INFO - 输入操作：模块 LoginPage 下的元素 ('id', 'com.lemon.lemonban:id/et_mobile')输入文本 17751810779 - [basepage.py:96]
2019-04-26 23:10:34,136 - basepage - INFO - 查找模块：LoginPage下的元素：('id', 'com.lemon.lemonban:id/et_password') - [basepage.py:51]
2019-04-26 23:10:34,681 - basepage - INFO - 查找到元素成功 - [basepage.py:54]
2019-04-26 23:10:34,681 - basepage - INFO - 点击操作：模块 LoginPage 下的元素 ('id', 'com.lemon.lemonban:id/et_password') - [basepage.py:81]
2019-04-26 23:10:34,821 - basepage - INFO - 查找模块：model下的元素：('id', 'com.lemon.lemonban:id/et_password') - [basepage.py:51]
2019-04-26 23:10:35,285 - basepage - INFO - 查找到元素成功 - [basepage.py:54]
2019-04-26 23:10:35,324 - basepage - INFO - 查找模块：LoginPage下的元素：('id', 'com.lemon.lemonban:id/et_password') - [basepage.py:51]
2019-04-26 23:10:35,851 - basepage - INFO - 查找到元素成功 - [basepage.py:54]
2019-04-26 23:10:35,851 - basepage - INFO - 输入操作：模块 LoginPage 下的元素 ('id', 'com.lemon.lemonban:id/et_password')输入文本  - [basepage.py:96]
2019-04-26 23:10:36,402 - basepage - INFO - 查找模块：LoginPage下的元素：('id', 'com.lemon.lemonban:id/btn_login') - [basepage.py:51]
2019-04-26 23:10:36,942 - basepage - INFO - 查找到元素成功 - [basepage.py:54]
2019-04-26 23:10:36,942 - basepage - INFO - 点击操作：模块 LoginPage 下的元素 ('id', 'com.lemon.lemonban:id/btn_login') - [basepage.py:81]
2019-04-26 23:10:36,985 - test_login - ERROR - Failed, 没有获取到toast - [test_login.py:43]
2019-04-26 23:10:37,015 - basepage - INFO - 查找模块：LoginPage下的元素：('id', 'com.lemon.lemonban:id/et_mobile') - [basepage.py:51]
2019-04-26 23:10:37,919 - basepage - INFO - 查找到元素成功 - [basepage.py:54]
2019-04-26 23:10:37,919 - basepage - INFO - 点击操作：模块 LoginPage 下的元素 ('id', 'com.lemon.lemonban:id/et_mobile') - [basepage.py:81]
2019-04-26 23:10:38,032 - basepage - INFO - 查找模块：model下的元素：('id', 'com.lemon.lemonban:id/et_mobile') - [basepage.py:51]
2019-04-26 23:10:38,745 - basepage - INFO - 查找到元素成功 - [basepage.py:54]
2019-04-26 23:10:38,801 - basepage - INFO - 查找模块：LoginPage下的元素：('id', 'com.lemon.lemonban:id/et_mobile') - [basepage.py:51]
2019-04-26 23:10:39,429 - basepage - INFO - 查找到元素成功 - [basepage.py:54]
2019-04-26 23:10:39,429 - basepage - INFO - 输入操作：模块 LoginPage 下的元素 ('id', 'com.lemon.lemonban:id/et_mobile')输入文本 adassadd - [basepage.py:96]
2019-04-26 23:10:40,000 - basepage - INFO - 查找模块：LoginPage下的元素：('id', 'com.lemon.lemonban:id/et_password') - [basepage.py:51]
2019-04-26 23:10:40,535 - basepage - INFO - 查找到元素成功 - [basepage.py:54]
2019-04-26 23:10:40,536 - basepage - INFO - 点击操作：模块 LoginPage 下的元素 ('id', 'com.lemon.lemonban:id/et_password') - [basepage.py:81]
2019-04-26 23:10:40,580 - basepage - INFO - 查找模块：model下的元素：('id', 'com.lemon.lemonban:id/et_password') - [basepage.py:51]
2019-04-26 23:10:41,103 - basepage - INFO - 查找到元素成功 - [basepage.py:54]
2019-04-26 23:10:41,175 - basepage - INFO - 查找模块：LoginPage下的元素：('id', 'com.lemon.lemonban:id/et_password') - [basepage.py:51]
2019-04-26 23:10:41,709 - basepage - INFO - 查找到元素成功 - [basepage.py:54]
2019-04-26 23:10:41,709 - basepage - INFO - 输入操作：模块 LoginPage 下的元素 ('id', 'com.lemon.lemonban:id/et_password')输入文本 dasdas - [basepage.py:96]
2019-04-26 23:10:42,291 - basepage - INFO - 查找模块：LoginPage下的元素：('id', 'com.lemon.lemonban:id/btn_login') - [basepage.py:51]
2019-04-26 23:10:42,819 - basepage - INFO - 查找到元素成功 - [basepage.py:54]
2019-04-26 23:10:42,820 - basepage - INFO - 点击操作：模块 LoginPage 下的元素 ('id', 'com.lemon.lemonban:id/btn_login') - [basepage.py:81]
2019-04-26 23:10:42,855 - test_login - ERROR - Failed, 没有获取到toast - [test_login.py:43]
2019-04-26 23:10:42,867 - basepage - INFO - 查找模块：LoginPage下的元素：('id', 'com.lemon.lemonban:id/et_mobile') - [basepage.py:51]
2019-04-26 23:10:43,417 - basepage - INFO - 查找到元素成功 - [basepage.py:54]
2019-04-26 23:10:43,417 - basepage - INFO - 点击操作：模块 LoginPage 下的元素 ('id', 'com.lemon.lemonban:id/et_mobile') - [basepage.py:81]
2019-04-26 23:10:43,476 - basepage - INFO - 查找模块：model下的元素：('id', 'com.lemon.lemonban:id/et_mobile') - [basepage.py:51]
2019-04-26 23:10:44,103 - basepage - INFO - 查找到元素成功 - [basepage.py:54]
2019-04-26 23:10:44,185 - basepage - INFO - 查找模块：LoginPage下的元素：('id', 'com.lemon.lemonban:id/et_mobile') - [basepage.py:51]
2019-04-26 23:10:44,815 - basepage - INFO - 查找到元素成功 - [basepage.py:54]
2019-04-26 23:10:44,815 - basepage - INFO - 输入操作：模块 LoginPage 下的元素 ('id', 'com.lemon.lemonban:id/et_mobile')输入文本 17751810779 - [basepage.py:96]
2019-04-26 23:10:45,368 - basepage - INFO - 查找模块：LoginPage下的元素：('id', 'com.lemon.lemonban:id/et_password') - [basepage.py:51]
2019-04-26 23:10:45,901 - basepage - INFO - 查找到元素成功 - [basepage.py:54]
2019-04-26 23:10:45,901 - basepage - INFO - 点击操作：模块 LoginPage 下的元素 ('id', 'com.lemon.lemonban:id/et_password') - [basepage.py:81]
2019-04-26 23:10:45,974 - basepage - INFO - 查找模块：model下的元素：('id', 'com.lemon.lemonban:id/et_password') - [basepage.py:51]
2019-04-26 23:10:46,669 - basepage - INFO - 查找到元素成功 - [basepage.py:54]
2019-04-26 23:10:46,713 - basepage - INFO - 查找模块：LoginPage下的元素：('id', 'com.lemon.lemonban:id/et_password') - [basepage.py:51]
2019-04-26 23:10:47,334 - basepage - INFO - 查找到元素成功 - [basepage.py:54]
2019-04-26 23:10:47,335 - basepage - INFO - 输入操作：模块 LoginPage 下的元素 ('id', 'com.lemon.lemonban:id/et_password')输入文本 156 - [basepage.py:96]
2019-04-26 23:10:47,923 - basepage - INFO - 查找模块：LoginPage下的元素：('id', 'com.lemon.lemonban:id/btn_login') - [basepage.py:51]
2019-04-26 23:10:48,439 - basepage - INFO - 查找到元素成功 - [basepage.py:54]
2019-04-26 23:10:48,439 - basepage - INFO - 点击操作：模块 LoginPage 下的元素 ('id', 'com.lemon.lemonban:id/btn_login') - [basepage.py:81]
2019-04-26 23:10:48,476 - test_login - ERROR - Failed, 没有获取到toast - [test_login.py:43]
2019-04-26 23:10:48,489 - basepage - INFO - 查找模块：LoginPage下的元素：('id', 'com.lemon.lemonban:id/et_mobile') - [basepage.py:51]
2019-04-26 23:10:49,035 - basepage - INFO - 查找到元素成功 - [basepage.py:54]
2019-04-26 23:10:49,036 - basepage - INFO - 点击操作：模块 LoginPage 下的元素 ('id', 'com.lemon.lemonban:id/et_mobile') - [basepage.py:81]
2019-04-26 23:10:49,079 - basepage - INFO - 查找模块：model下的元素：('id', 'com.lemon.lemonban:id/et_mobile') - [basepage.py:51]
2019-04-26 23:10:49,712 - basepage - INFO - 查找到元素成功 - [basepage.py:54]
2019-04-26 23:10:49,766 - basepage - INFO - 查找模块：LoginPage下的元素：('id', 'com.lemon.lemonban:id/et_mobile') - [basepage.py:51]
2019-04-26 23:10:50,384 - basepage - INFO - 查找到元素成功 - [basepage.py:54]
2019-04-26 23:10:50,384 - basepage - INFO - 输入操作：模块 LoginPage 下的元素 ('id', 'com.lemon.lemonban:id/et_mobile')输入文本 17751810779 - [basepage.py:96]
2019-04-26 23:10:50,940 - basepage - INFO - 查找模块：LoginPage下的元素：('id', 'com.lemon.lemonban:id/et_password') - [basepage.py:51]
2019-04-26 23:10:51,476 - basepage - INFO - 查找到元素成功 - [basepage.py:54]
2019-04-26 23:10:51,477 - basepage - INFO - 点击操作：模块 LoginPage 下的元素 ('id', 'com.lemon.lemonban:id/et_password') - [basepage.py:81]
2019-04-26 23:10:51,518 - basepage - INFO - 查找模块：model下的元素：('id', 'com.lemon.lemonban:id/et_password') - [basepage.py:51]
2019-04-26 23:10:52,154 - basepage - INFO - 查找到元素成功 - [basepage.py:54]
2019-04-26 23:10:52,200 - basepage - INFO - 查找模块：LoginPage下的元素：('id', 'com.lemon.lemonban:id/et_password') - [basepage.py:51]
2019-04-26 23:10:52,820 - basepage - INFO - 查找到元素成功 - [basepage.py:54]
2019-04-26 23:10:52,820 - basepage - INFO - 输入操作：模块 LoginPage 下的元素 ('id', 'com.lemon.lemonban:id/et_password')输入文本 810779 - [basepage.py:96]
2019-04-26 23:10:53,411 - basepage - INFO - 查找模块：LoginPage下的元素：('id', 'com.lemon.lemonban:id/btn_login') - [basepage.py:51]
2019-04-26 23:10:53,920 - basepage - INFO - 查找到元素成功 - [basepage.py:54]
2019-04-26 23:10:53,921 - basepage - INFO - 点击操作：模块 LoginPage 下的元素 ('id', 'com.lemon.lemonban:id/btn_login') - [basepage.py:81]
2019-04-26 23:10:53,958 - basepage - INFO - 等待元素可见：('id', 'com.lemon.lemonban:id/navigation_tiku') - [basepage.py:31]
2019-04-26 23:10:57,718 - basepage - INFO - 元素已可见。等待元素可见总时长:3.759653091430664 - [basepage.py:39]
2019-04-26 23:10:58,748 - test_login - INFO - 登录成功 - [test_login.py:58]
2019-04-26 23:14:37,881 - basepage - INFO - 等待元素可见：('id', 'com.lemon.lemonban:id/navigation_tiku') - [basepage.py:31]
2019-04-26 23:14:43,282 - basepage - INFO - 元素已可见。等待元素可见总时长:5.400087118148804 - [basepage.py:39]
2019-04-26 23:14:43,987 - basepage - INFO - 查找模块：model下的元素：('id', 'com.lemon.lemonban:id/button_go_login') - [basepage.py:51]
2019-04-26 23:14:44,222 - basepage - INFO - 查找到元素成功 - [basepage.py:54]
2019-04-26 23:14:44,223 - basepage - INFO - 点击操作：模块 model 下的元素 ('id', 'com.lemon.lemonban:id/button_go_login') - [basepage.py:81]
2019-04-26 23:14:44,306 - basepage - INFO - 查找模块：LoginPage下的元素：('id', 'com.lemon.lemonban:id/et_mobile') - [basepage.py:51]
2019-04-26 23:14:46,074 - basepage - ERROR - 查找元素失败。 - [basepage.py:58]
Traceback (most recent call last):
  File "D:\PYworkspace\app_test\pages\basepage.py", line 53, in get_element
    ele =  self.driver.find_element(*locator)
  File "C:\Users\asus\AppData\Local\Programs\Python\Python36\lib\site-packages\appium\webdriver\webdriver.py", line 221, in find_element
    'value': value})['value']
  File "C:\Users\asus\AppData\Local\Programs\Python\Python36\lib\site-packages\selenium\webdriver\remote\webdriver.py", line 320, in execute
    self.error_handler.check_response(response)
  File "C:\Users\asus\AppData\Local\Programs\Python\Python36\lib\site-packages\appium\webdriver\errorhandler.py", line 29, in check_response
    raise wde
  File "C:\Users\asus\AppData\Local\Programs\Python\Python36\lib\site-packages\appium\webdriver\errorhandler.py", line 24, in check_response
    super(MobileErrorHandler, self).check_response(response)
  File "C:\Users\asus\AppData\Local\Programs\Python\Python36\lib\site-packages\selenium\webdriver\remote\errorhandler.py", line 242, in check_response
    raise exception_class(message, screen, stacktrace)
selenium.common.exceptions.NoSuchElementException: Message: An element could not be located on the page using the given search parameters.

2019-04-26 23:14:46,573 - basepage - INFO - 截图成功，文件路径为：D:\PYworkspace\app_test\outputs/screenshots/LoginPage_2019-04-26-23-14-46.png - [basepage.py:145]
2019-04-26 23:14:46,715 - basepage - INFO - 查找模块：LoginPage下的元素：('id', 'com.lemon.lemonban:id/et_mobile') - [basepage.py:51]
2019-04-26 23:14:46,825 - basepage - INFO - 查找到元素成功 - [basepage.py:54]
2019-04-26 23:14:46,825 - basepage - INFO - 点击操作：模块 LoginPage 下的元素 ('id', 'com.lemon.lemonban:id/et_mobile') - [basepage.py:81]
2019-04-26 23:14:46,958 - basepage - INFO - 查找模块：model下的元素：('id', 'com.lemon.lemonban:id/et_mobile') - [basepage.py:51]
2019-04-26 23:14:47,495 - basepage - INFO - 查找到元素成功 - [basepage.py:54]
2019-04-26 23:14:47,579 - basepage - INFO - 查找模块：LoginPage下的元素：('id', 'com.lemon.lemonban:id/et_mobile') - [basepage.py:51]
2019-04-26 23:14:48,113 - basepage - INFO - 查找到元素成功 - [basepage.py:54]
2019-04-26 23:14:48,113 - basepage - INFO - 输入操作：模块 LoginPage 下的元素 ('id', 'com.lemon.lemonban:id/et_mobile')输入文本 17751810779 - [basepage.py:96]
2019-04-26 23:14:48,696 - basepage - INFO - 查找模块：LoginPage下的元素：('id', 'com.lemon.lemonban:id/et_password') - [basepage.py:51]
2019-04-26 23:14:49,214 - basepage - INFO - 查找到元素成功 - [basepage.py:54]
2019-04-26 23:14:49,215 - basepage - INFO - 点击操作：模块 LoginPage 下的元素 ('id', 'com.lemon.lemonban:id/et_password') - [basepage.py:81]
2019-04-26 23:14:49,286 - basepage - INFO - 查找模块：model下的元素：('id', 'com.lemon.lemonban:id/et_password') - [basepage.py:51]
2019-04-26 23:14:49,803 - basepage - INFO - 查找到元素成功 - [basepage.py:54]
2019-04-26 23:14:49,854 - basepage - INFO - 查找模块：LoginPage下的元素：('id', 'com.lemon.lemonban:id/et_password') - [basepage.py:51]
2019-04-26 23:14:50,375 - basepage - INFO - 查找到元素成功 - [basepage.py:54]
2019-04-26 23:14:50,375 - basepage - INFO - 输入操作：模块 LoginPage 下的元素 ('id', 'com.lemon.lemonban:id/et_password')输入文本  - [basepage.py:96]
2019-04-26 23:14:50,964 - basepage - INFO - 查找模块：LoginPage下的元素：('id', 'com.lemon.lemonban:id/btn_login') - [basepage.py:51]
2019-04-26 23:14:51,484 - basepage - INFO - 查找到元素成功 - [basepage.py:54]
2019-04-26 23:14:51,484 - basepage - INFO - 点击操作：模块 LoginPage 下的元素 ('id', 'com.lemon.lemonban:id/btn_login') - [basepage.py:81]
2019-04-26 23:14:52,270 - basepage - INFO - 查找模块：model下的元素：('xpath', '//*[contains(@text,"手机号码或密码不能为空")]') - [basepage.py:51]
2019-04-26 23:14:52,439 - basepage - INFO - 查找到元素成功 - [basepage.py:54]
2019-04-26 23:14:52,553 - test_login - INFO - 获取toast:手机号码或密码不能为空成功 - [test_login.py:41]
2019-04-26 23:14:52,557 - basepage - INFO - 查找模块：LoginPage下的元素：('id', 'com.lemon.lemonban:id/et_mobile') - [basepage.py:51]
2019-04-26 23:14:52,617 - basepage - INFO - 查找到元素成功 - [basepage.py:54]
2019-04-26 23:14:52,617 - basepage - INFO - 点击操作：模块 LoginPage 下的元素 ('id', 'com.lemon.lemonban:id/et_mobile') - [basepage.py:81]
2019-04-26 23:14:52,814 - basepage - INFO - 查找模块：model下的元素：('id', 'com.lemon.lemonban:id/et_mobile') - [basepage.py:51]
2019-04-26 23:14:53,523 - basepage - INFO - 查找到元素成功 - [basepage.py:54]
2019-04-26 23:14:53,599 - basepage - INFO - 查找模块：LoginPage下的元素：('id', 'com.lemon.lemonban:id/et_mobile') - [basepage.py:51]
2019-04-26 23:14:54,216 - basepage - INFO - 查找到元素成功 - [basepage.py:54]
2019-04-26 23:14:54,216 - basepage - INFO - 输入操作：模块 LoginPage 下的元素 ('id', 'com.lemon.lemonban:id/et_mobile')输入文本 adassadd - [basepage.py:96]
2019-04-26 23:14:54,798 - basepage - INFO - 查找模块：LoginPage下的元素：('id', 'com.lemon.lemonban:id/et_password') - [basepage.py:51]
2019-04-26 23:14:55,342 - basepage - INFO - 查找到元素成功 - [basepage.py:54]
2019-04-26 23:14:55,342 - basepage - INFO - 点击操作：模块 LoginPage 下的元素 ('id', 'com.lemon.lemonban:id/et_password') - [basepage.py:81]
2019-04-26 23:14:55,406 - basepage - INFO - 查找模块：model下的元素：('id', 'com.lemon.lemonban:id/et_password') - [basepage.py:51]
2019-04-26 23:14:55,954 - basepage - INFO - 查找到元素成功 - [basepage.py:54]
2019-04-26 23:14:56,010 - basepage - INFO - 查找模块：LoginPage下的元素：('id', 'com.lemon.lemonban:id/et_password') - [basepage.py:51]
2019-04-26 23:14:56,536 - basepage - INFO - 查找到元素成功 - [basepage.py:54]
2019-04-26 23:14:56,536 - basepage - INFO - 输入操作：模块 LoginPage 下的元素 ('id', 'com.lemon.lemonban:id/et_password')输入文本 dasdas - [basepage.py:96]
2019-04-26 23:14:57,129 - basepage - INFO - 查找模块：LoginPage下的元素：('id', 'com.lemon.lemonban:id/btn_login') - [basepage.py:51]
2019-04-26 23:14:57,667 - basepage - INFO - 查找到元素成功 - [basepage.py:54]
2019-04-26 23:14:57,667 - basepage - INFO - 点击操作：模块 LoginPage 下的元素 ('id', 'com.lemon.lemonban:id/btn_login') - [basepage.py:81]
2019-04-26 23:14:58,233 - basepage - INFO - 查找模块：model下的元素：('xpath', '//*[contains(@text,"手机号码格式不正确")]') - [basepage.py:51]
2019-04-26 23:14:58,374 - basepage - INFO - 查找到元素成功 - [basepage.py:54]
2019-04-26 23:14:58,491 - test_login - INFO - 获取toast:手机号码格式不正确成功 - [test_login.py:41]
2019-04-26 23:14:58,496 - basepage - INFO - 查找模块：LoginPage下的元素：('id', 'com.lemon.lemonban:id/et_mobile') - [basepage.py:51]
2019-04-26 23:14:58,552 - basepage - INFO - 查找到元素成功 - [basepage.py:54]
2019-04-26 23:14:58,552 - basepage - INFO - 点击操作：模块 LoginPage 下的元素 ('id', 'com.lemon.lemonban:id/et_mobile') - [basepage.py:81]
2019-04-26 23:14:58,622 - basepage - INFO - 查找模块：model下的元素：('id', 'com.lemon.lemonban:id/et_mobile') - [basepage.py:51]
2019-04-26 23:14:59,254 - basepage - INFO - 查找到元素成功 - [basepage.py:54]
2019-04-26 23:14:59,313 - basepage - INFO - 查找模块：LoginPage下的元素：('id', 'com.lemon.lemonban:id/et_mobile') - [basepage.py:51]
2019-04-26 23:14:59,935 - basepage - INFO - 查找到元素成功 - [basepage.py:54]
2019-04-26 23:14:59,935 - basepage - INFO - 输入操作：模块 LoginPage 下的元素 ('id', 'com.lemon.lemonban:id/et_mobile')输入文本 17751810779 - [basepage.py:96]
2019-04-26 23:15:00,515 - basepage - INFO - 查找模块：LoginPage下的元素：('id', 'com.lemon.lemonban:id/et_password') - [basepage.py:51]
2019-04-26 23:15:01,034 - basepage - INFO - 查找到元素成功 - [basepage.py:54]
2019-04-26 23:15:01,034 - basepage - INFO - 点击操作：模块 LoginPage 下的元素 ('id', 'com.lemon.lemonban:id/et_password') - [basepage.py:81]
2019-04-26 23:15:01,102 - basepage - INFO - 查找模块：model下的元素：('id', 'com.lemon.lemonban:id/et_password') - [basepage.py:51]
2019-04-26 23:15:02,238 - basepage - INFO - 查找到元素成功 - [basepage.py:54]
2019-04-26 23:15:02,300 - basepage - INFO - 查找模块：LoginPage下的元素：('id', 'com.lemon.lemonban:id/et_password') - [basepage.py:51]
2019-04-26 23:15:02,909 - basepage - INFO - 查找到元素成功 - [basepage.py:54]
2019-04-26 23:15:02,910 - basepage - INFO - 输入操作：模块 LoginPage 下的元素 ('id', 'com.lemon.lemonban:id/et_password')输入文本 156 - [basepage.py:96]
2019-04-26 23:15:03,502 - basepage - INFO - 查找模块：LoginPage下的元素：('id', 'com.lemon.lemonban:id/btn_login') - [basepage.py:51]
2019-04-26 23:15:04,018 - basepage - INFO - 查找到元素成功 - [basepage.py:54]
2019-04-26 23:15:04,019 - basepage - INFO - 点击操作：模块 LoginPage 下的元素 ('id', 'com.lemon.lemonban:id/btn_login') - [basepage.py:81]
2019-04-26 23:15:04,588 - basepage - INFO - 查找模块：model下的元素：('xpath', '//*[contains(@text,"密码格式不正确")]') - [basepage.py:51]
2019-04-26 23:15:04,752 - basepage - INFO - 查找到元素成功 - [basepage.py:54]
2019-04-26 23:15:04,859 - test_login - INFO - 获取toast:密码格式不正确成功 - [test_login.py:41]
2019-04-26 23:15:04,864 - basepage - INFO - 查找模块：LoginPage下的元素：('id', 'com.lemon.lemonban:id/et_mobile') - [basepage.py:51]
2019-04-26 23:15:04,920 - basepage - INFO - 查找到元素成功 - [basepage.py:54]
2019-04-26 23:15:04,920 - basepage - INFO - 点击操作：模块 LoginPage 下的元素 ('id', 'com.lemon.lemonban:id/et_mobile') - [basepage.py:81]
2019-04-26 23:15:04,979 - basepage - INFO - 查找模块：model下的元素：('id', 'com.lemon.lemonban:id/et_mobile') - [basepage.py:51]
2019-04-26 23:15:05,590 - basepage - INFO - 查找到元素成功 - [basepage.py:54]
2019-04-26 23:15:05,655 - basepage - INFO - 查找模块：LoginPage下的元素：('id', 'com.lemon.lemonban:id/et_mobile') - [basepage.py:51]
2019-04-26 23:15:06,273 - basepage - INFO - 查找到元素成功 - [basepage.py:54]
2019-04-26 23:15:06,273 - basepage - INFO - 输入操作：模块 LoginPage 下的元素 ('id', 'com.lemon.lemonban:id/et_mobile')输入文本 17751810779 - [basepage.py:96]
2019-04-26 23:15:06,865 - basepage - INFO - 查找模块：LoginPage下的元素：('id', 'com.lemon.lemonban:id/et_password') - [basepage.py:51]
2019-04-26 23:15:07,383 - basepage - INFO - 查找到元素成功 - [basepage.py:54]
2019-04-26 23:15:07,383 - basepage - INFO - 点击操作：模块 LoginPage 下的元素 ('id', 'com.lemon.lemonban:id/et_password') - [basepage.py:81]
2019-04-26 23:15:07,449 - basepage - INFO - 查找模块：model下的元素：('id', 'com.lemon.lemonban:id/et_password') - [basepage.py:51]
2019-04-26 23:15:08,062 - basepage - INFO - 查找到元素成功 - [basepage.py:54]
2019-04-26 23:15:08,127 - basepage - INFO - 查找模块：LoginPage下的元素：('id', 'com.lemon.lemonban:id/et_password') - [basepage.py:51]
2019-04-26 23:15:08,749 - basepage - INFO - 查找到元素成功 - [basepage.py:54]
2019-04-26 23:15:08,749 - basepage - INFO - 输入操作：模块 LoginPage 下的元素 ('id', 'com.lemon.lemonban:id/et_password')输入文本 810779 - [basepage.py:96]
2019-04-26 23:15:09,318 - basepage - INFO - 查找模块：LoginPage下的元素：('id', 'com.lemon.lemonban:id/btn_login') - [basepage.py:51]
2019-04-26 23:15:09,850 - basepage - INFO - 查找到元素成功 - [basepage.py:54]
2019-04-26 23:15:09,850 - basepage - INFO - 点击操作：模块 LoginPage 下的元素 ('id', 'com.lemon.lemonban:id/btn_login') - [basepage.py:81]
2019-04-26 23:15:09,882 - basepage - INFO - 等待元素可见：('id', 'com.lemon.lemonban:id/navigation_tiku') - [basepage.py:31]
2019-04-26 23:15:13,219 - basepage - INFO - 元素已可见。等待元素可见总时长:3.3374040126800537 - [basepage.py:39]
2019-04-26 23:15:14,205 - test_login - INFO - 登录成功 - [test_login.py:58]
2019-04-26 23:19:42,841 - basepage - INFO - 等待元素可见：('id', 'com.lemon.lemonban:id/navigation_tiku') - [basepage.py:31]
2019-04-26 23:19:47,202 - basepage - INFO - 元素已可见。等待元素可见总时长:4.361340045928955 - [basepage.py:39]
2019-04-26 23:19:47,964 - basepage - INFO - 查找模块：model下的元素：('id', 'com.lemon.lemonban:id/button_go_login') - [basepage.py:51]
2019-04-26 23:19:48,154 - basepage - INFO - 查找到元素成功 - [basepage.py:54]
2019-04-26 23:19:48,154 - basepage - INFO - 点击操作：模块 model 下的元素 ('id', 'com.lemon.lemonban:id/button_go_login') - [basepage.py:81]
2019-04-26 23:19:48,255 - basepage - INFO - 查找模块：LoginPage下的元素：('id', 'com.lemon.lemonban:id/et_mobile') - [basepage.py:51]
2019-04-26 23:19:50,016 - basepage - ERROR - 查找元素失败。 - [basepage.py:58]
Traceback (most recent call last):
  File "D:\PYworkspace\app_test\pages\basepage.py", line 53, in get_element
    ele =  self.driver.find_element(*locator)
  File "C:\Users\asus\AppData\Local\Programs\Python\Python36\lib\site-packages\appium\webdriver\webdriver.py", line 221, in find_element
    'value': value})['value']
  File "C:\Users\asus\AppData\Local\Programs\Python\Python36\lib\site-packages\selenium\webdriver\remote\webdriver.py", line 320, in execute
    self.error_handler.check_response(response)
  File "C:\Users\asus\AppData\Local\Programs\Python\Python36\lib\site-packages\appium\webdriver\errorhandler.py", line 29, in check_response
    raise wde
  File "C:\Users\asus\AppData\Local\Programs\Python\Python36\lib\site-packages\appium\webdriver\errorhandler.py", line 24, in check_response
    super(MobileErrorHandler, self).check_response(response)
  File "C:\Users\asus\AppData\Local\Programs\Python\Python36\lib\site-packages\selenium\webdriver\remote\errorhandler.py", line 242, in check_response
    raise exception_class(message, screen, stacktrace)
selenium.common.exceptions.NoSuchElementException: Message: An element could not be located on the page using the given search parameters.

2019-04-26 23:19:50,457 - basepage - INFO - 截图成功，文件路径为：D:\PYworkspace\app_test\outputs/screenshots/LoginPage_2019-04-26-23-19-50.png - [basepage.py:145]
2019-04-26 23:19:50,597 - basepage - INFO - 查找模块：LoginPage下的元素：('id', 'com.lemon.lemonban:id/et_mobile') - [basepage.py:51]
2019-04-26 23:19:50,720 - basepage - INFO - 查找到元素成功 - [basepage.py:54]
2019-04-26 23:19:50,720 - basepage - INFO - 点击操作：模块 LoginPage 下的元素 ('id', 'com.lemon.lemonban:id/et_mobile') - [basepage.py:81]
2019-04-26 23:19:50,811 - basepage - INFO - 查找模块：model下的元素：('id', 'com.lemon.lemonban:id/et_mobile') - [basepage.py:51]
2019-04-26 23:19:51,328 - basepage - INFO - 查找到元素成功 - [basepage.py:54]
2019-04-26 23:19:51,387 - basepage - INFO - 查找模块：LoginPage下的元素：('id', 'com.lemon.lemonban:id/et_mobile') - [basepage.py:51]
2019-04-26 23:19:51,908 - basepage - INFO - 查找到元素成功 - [basepage.py:54]
2019-04-26 23:19:51,908 - basepage - INFO - 输入操作：模块 LoginPage 下的元素 ('id', 'com.lemon.lemonban:id/et_mobile')输入文本 17751810779 - [basepage.py:96]
2019-04-26 23:19:52,500 - basepage - INFO - 查找模块：LoginPage下的元素：('id', 'com.lemon.lemonban:id/et_password') - [basepage.py:51]
2019-04-26 23:19:53,030 - basepage - INFO - 查找到元素成功 - [basepage.py:54]
2019-04-26 23:19:53,031 - basepage - INFO - 点击操作：模块 LoginPage 下的元素 ('id', 'com.lemon.lemonban:id/et_password') - [basepage.py:81]
2019-04-26 23:19:53,126 - basepage - INFO - 查找模块：model下的元素：('id', 'com.lemon.lemonban:id/et_password') - [basepage.py:51]
2019-04-26 23:19:53,637 - basepage - INFO - 查找到元素成功 - [basepage.py:54]
2019-04-26 23:19:53,684 - basepage - INFO - 查找模块：LoginPage下的元素：('id', 'com.lemon.lemonban:id/et_password') - [basepage.py:51]
2019-04-26 23:19:54,223 - basepage - INFO - 查找到元素成功 - [basepage.py:54]
2019-04-26 23:19:54,224 - basepage - INFO - 输入操作：模块 LoginPage 下的元素 ('id', 'com.lemon.lemonban:id/et_password')输入文本  - [basepage.py:96]
2019-04-26 23:19:54,798 - basepage - INFO - 查找模块：LoginPage下的元素：('id', 'com.lemon.lemonban:id/btn_login') - [basepage.py:51]
2019-04-26 23:19:55,321 - basepage - INFO - 查找到元素成功 - [basepage.py:54]
2019-04-26 23:19:55,322 - basepage - INFO - 点击操作：模块 LoginPage 下的元素 ('id', 'com.lemon.lemonban:id/btn_login') - [basepage.py:81]
2019-04-26 23:19:56,040 - basepage - INFO - 查找模块：model下的元素：('xpath', '//*[contains(@text,"手机号码或密码不能为空")]') - [basepage.py:51]
2019-04-26 23:19:56,237 - basepage - INFO - 查找到元素成功 - [basepage.py:54]
2019-04-26 23:19:56,364 - test_login - INFO - 获取toast:手机号码或密码不能为空成功 - [test_login.py:41]
2019-04-26 23:19:56,369 - basepage - INFO - 查找模块：LoginPage下的元素：('id', 'com.lemon.lemonban:id/et_mobile') - [basepage.py:51]
2019-04-26 23:19:56,423 - basepage - INFO - 查找到元素成功 - [basepage.py:54]
2019-04-26 23:19:56,423 - basepage - INFO - 点击操作：模块 LoginPage 下的元素 ('id', 'com.lemon.lemonban:id/et_mobile') - [basepage.py:81]
2019-04-26 23:19:56,567 - basepage - INFO - 查找模块：model下的元素：('id', 'com.lemon.lemonban:id/et_mobile') - [basepage.py:51]
2019-04-26 23:19:57,232 - basepage - INFO - 查找到元素成功 - [basepage.py:54]
2019-04-26 23:19:57,298 - basepage - INFO - 查找模块：LoginPage下的元素：('id', 'com.lemon.lemonban:id/et_mobile') - [basepage.py:51]
2019-04-26 23:19:57,914 - basepage - INFO - 查找到元素成功 - [basepage.py:54]
2019-04-26 23:19:57,914 - basepage - INFO - 输入操作：模块 LoginPage 下的元素 ('id', 'com.lemon.lemonban:id/et_mobile')输入文本 adassadd - [basepage.py:96]
2019-04-26 23:19:58,502 - basepage - INFO - 查找模块：LoginPage下的元素：('id', 'com.lemon.lemonban:id/et_password') - [basepage.py:51]
2019-04-26 23:19:59,013 - basepage - INFO - 查找到元素成功 - [basepage.py:54]
2019-04-26 23:19:59,013 - basepage - INFO - 点击操作：模块 LoginPage 下的元素 ('id', 'com.lemon.lemonban:id/et_password') - [basepage.py:81]
2019-04-26 23:19:59,082 - basepage - INFO - 查找模块：model下的元素：('id', 'com.lemon.lemonban:id/et_password') - [basepage.py:51]
2019-04-26 23:19:59,588 - basepage - INFO - 查找到元素成功 - [basepage.py:54]
2019-04-26 23:19:59,662 - basepage - INFO - 查找模块：LoginPage下的元素：('id', 'com.lemon.lemonban:id/et_password') - [basepage.py:51]
2019-04-26 23:20:00,168 - basepage - INFO - 查找到元素成功 - [basepage.py:54]
2019-04-26 23:20:00,168 - basepage - INFO - 输入操作：模块 LoginPage 下的元素 ('id', 'com.lemon.lemonban:id/et_password')输入文本 dasdas - [basepage.py:96]
2019-04-26 23:20:00,751 - basepage - INFO - 查找模块：LoginPage下的元素：('id', 'com.lemon.lemonban:id/btn_login') - [basepage.py:51]
2019-04-26 23:20:01,282 - basepage - INFO - 查找到元素成功 - [basepage.py:54]
2019-04-26 23:20:01,283 - basepage - INFO - 点击操作：模块 LoginPage 下的元素 ('id', 'com.lemon.lemonban:id/btn_login') - [basepage.py:81]
2019-04-26 23:20:02,463 - basepage - INFO - 查找模块：model下的元素：('xpath', '//*[contains(@text,"手机号码格式不正确")]') - [basepage.py:51]
2019-04-26 23:20:02,680 - basepage - INFO - 查找到元素成功 - [basepage.py:54]
2019-04-26 23:20:02,829 - test_login - INFO - 获取toast:手机号码格式不正确成功 - [test_login.py:41]
2019-04-26 23:20:02,835 - basepage - INFO - 查找模块：LoginPage下的元素：('id', 'com.lemon.lemonban:id/et_mobile') - [basepage.py:51]
2019-04-26 23:20:02,911 - basepage - INFO - 查找到元素成功 - [basepage.py:54]
2019-04-26 23:20:02,911 - basepage - INFO - 点击操作：模块 LoginPage 下的元素 ('id', 'com.lemon.lemonban:id/et_mobile') - [basepage.py:81]
2019-04-26 23:20:03,065 - basepage - INFO - 查找模块：model下的元素：('id', 'com.lemon.lemonban:id/et_mobile') - [basepage.py:51]
2019-04-26 23:20:03,726 - basepage - INFO - 查找到元素成功 - [basepage.py:54]
2019-04-26 23:20:03,807 - basepage - INFO - 查找模块：LoginPage下的元素：('id', 'com.lemon.lemonban:id/et_mobile') - [basepage.py:51]
2019-04-26 23:20:04,426 - basepage - INFO - 查找到元素成功 - [basepage.py:54]
2019-04-26 23:20:04,426 - basepage - INFO - 输入操作：模块 LoginPage 下的元素 ('id', 'com.lemon.lemonban:id/et_mobile')输入文本 17751810779 - [basepage.py:96]
2019-04-26 23:20:04,997 - basepage - INFO - 查找模块：LoginPage下的元素：('id', 'com.lemon.lemonban:id/et_password') - [basepage.py:51]
2019-04-26 23:20:05,522 - basepage - INFO - 查找到元素成功 - [basepage.py:54]
2019-04-26 23:20:05,522 - basepage - INFO - 点击操作：模块 LoginPage 下的元素 ('id', 'com.lemon.lemonban:id/et_password') - [basepage.py:81]
2019-04-26 23:20:05,596 - basepage - INFO - 查找模块：model下的元素：('id', 'com.lemon.lemonban:id/et_password') - [basepage.py:51]
2019-04-26 23:20:06,287 - basepage - INFO - 查找到元素成功 - [basepage.py:54]
2019-04-26 23:20:06,360 - basepage - INFO - 查找模块：LoginPage下的元素：('id', 'com.lemon.lemonban:id/et_password') - [basepage.py:51]
2019-04-26 23:20:06,958 - basepage - INFO - 查找到元素成功 - [basepage.py:54]
2019-04-26 23:20:06,958 - basepage - INFO - 输入操作：模块 LoginPage 下的元素 ('id', 'com.lemon.lemonban:id/et_password')输入文本 156 - [basepage.py:96]
2019-04-26 23:20:07,546 - basepage - INFO - 查找模块：LoginPage下的元素：('id', 'com.lemon.lemonban:id/btn_login') - [basepage.py:51]
2019-04-26 23:20:08,090 - basepage - INFO - 查找到元素成功 - [basepage.py:54]
2019-04-26 23:20:08,090 - basepage - INFO - 点击操作：模块 LoginPage 下的元素 ('id', 'com.lemon.lemonban:id/btn_login') - [basepage.py:81]
2019-04-26 23:20:08,688 - basepage - INFO - 查找模块：model下的元素：('xpath', '//*[contains(@text,"密码格式不正确")]') - [basepage.py:51]
2019-04-26 23:20:08,834 - basepage - INFO - 查找到元素成功 - [basepage.py:54]
2019-04-26 23:20:08,948 - test_login - INFO - 获取toast:密码格式不正确成功 - [test_login.py:41]
2019-04-26 23:20:08,954 - basepage - INFO - 查找模块：LoginPage下的元素：('id', 'com.lemon.lemonban:id/et_mobile') - [basepage.py:51]
2019-04-26 23:20:09,003 - basepage - INFO - 查找到元素成功 - [basepage.py:54]
2019-04-26 23:20:09,003 - basepage - INFO - 点击操作：模块 LoginPage 下的元素 ('id', 'com.lemon.lemonban:id/et_mobile') - [basepage.py:81]
2019-04-26 23:20:09,065 - basepage - INFO - 查找模块：model下的元素：('id', 'com.lemon.lemonban:id/et_mobile') - [basepage.py:51]
2019-04-26 23:20:09,699 - basepage - INFO - 查找到元素成功 - [basepage.py:54]
2019-04-26 23:20:09,759 - basepage - INFO - 查找模块：LoginPage下的元素：('id', 'com.lemon.lemonban:id/et_mobile') - [basepage.py:51]
2019-04-26 23:20:10,380 - basepage - INFO - 查找到元素成功 - [basepage.py:54]
2019-04-26 23:20:10,380 - basepage - INFO - 输入操作：模块 LoginPage 下的元素 ('id', 'com.lemon.lemonban:id/et_mobile')输入文本 17751810779 - [basepage.py:96]
2019-04-26 23:20:10,977 - basepage - INFO - 查找模块：LoginPage下的元素：('id', 'com.lemon.lemonban:id/et_password') - [basepage.py:51]
2019-04-26 23:20:11,500 - basepage - INFO - 查找到元素成功 - [basepage.py:54]
2019-04-26 23:20:11,500 - basepage - INFO - 点击操作：模块 LoginPage 下的元素 ('id', 'com.lemon.lemonban:id/et_password') - [basepage.py:81]
2019-04-26 23:20:11,571 - basepage - INFO - 查找模块：model下的元素：('id', 'com.lemon.lemonban:id/et_password') - [basepage.py:51]
2019-04-26 23:20:12,187 - basepage - INFO - 查找到元素成功 - [basepage.py:54]
2019-04-26 23:20:12,257 - basepage - INFO - 查找模块：LoginPage下的元素：('id', 'com.lemon.lemonban:id/et_password') - [basepage.py:51]
2019-04-26 23:20:12,872 - basepage - INFO - 查找到元素成功 - [basepage.py:54]
2019-04-26 23:20:12,872 - basepage - INFO - 输入操作：模块 LoginPage 下的元素 ('id', 'com.lemon.lemonban:id/et_password')输入文本 810779 - [basepage.py:96]
2019-04-26 23:20:13,457 - basepage - INFO - 查找模块：LoginPage下的元素：('id', 'com.lemon.lemonban:id/btn_login') - [basepage.py:51]
2019-04-26 23:20:13,982 - basepage - INFO - 查找到元素成功 - [basepage.py:54]
2019-04-26 23:20:13,982 - basepage - INFO - 点击操作：模块 LoginPage 下的元素 ('id', 'com.lemon.lemonban:id/btn_login') - [basepage.py:81]
2019-04-26 23:20:14,031 - basepage - INFO - 等待元素可见：('id', 'com.lemon.lemonban:id/navigation_tiku') - [basepage.py:31]
2019-04-26 23:20:17,803 - basepage - INFO - 元素已可见。等待元素可见总时长:3.7721128463745117 - [basepage.py:39]
2019-04-26 23:20:18,824 - test_login - INFO - 登录成功 - [test_login.py:58]
2019-04-26 23:24:24,803 - basepage - INFO - 等待元素可见：('id', 'com.lemon.lemonban:id/navigation_tiku') - [basepage.py:31]
2019-04-26 23:24:29,941 - basepage - INFO - 元素已可见。等待元素可见总时长:5.137637376785278 - [basepage.py:39]
2019-04-26 23:24:30,686 - basepage - INFO - 等待元素可见：('id', 'com.lemon.lemonban:id/button_go_login') - [basepage.py:31]
2019-04-26 23:24:30,908 - basepage - INFO - 元素已可见。等待元素可见总时长:0.22118043899536133 - [basepage.py:39]
2019-04-26 23:24:30,908 - basepage - INFO - 点击操作：模块 model 下的元素 ('id', 'com.lemon.lemonban:id/button_go_login') - [basepage.py:81]
2019-04-26 23:24:30,954 - basepage - INFO - 等待元素可见：('id', 'com.lemon.lemonban:id/et_mobile') - [basepage.py:31]
2019-04-26 23:24:32,728 - basepage - INFO - 元素已可见。等待元素可见总时长:1.7745018005371094 - [basepage.py:39]
2019-04-26 23:24:32,728 - basepage - INFO - 点击操作：模块 LoginPage 下的元素 ('id', 'com.lemon.lemonban:id/et_mobile') - [basepage.py:81]
2019-04-26 23:24:32,815 - basepage - INFO - 查找模块：model下的元素：('id', 'com.lemon.lemonban:id/et_mobile') - [basepage.py:51]
2019-04-26 23:24:33,334 - basepage - INFO - 查找到元素成功 - [basepage.py:54]
2019-04-26 23:24:33,392 - basepage - INFO - 查找模块：LoginPage下的元素：('id', 'com.lemon.lemonban:id/et_mobile') - [basepage.py:51]
2019-04-26 23:24:33,918 - basepage - INFO - 查找到元素成功 - [basepage.py:54]
2019-04-26 23:24:33,918 - basepage - INFO - 输入操作：模块 LoginPage 下的元素 ('id', 'com.lemon.lemonban:id/et_mobile')输入文本 17751810778 - [basepage.py:96]
2019-04-26 23:24:34,519 - basepage - INFO - 等待元素可见：('id', 'com.lemon.lemonban:id/et_password') - [basepage.py:31]
2019-04-26 23:24:35,072 - basepage - INFO - 元素已可见。等待元素可见总时长:0.5526926517486572 - [basepage.py:39]
2019-04-26 23:24:35,072 - basepage - INFO - 点击操作：模块 LoginPage 下的元素 ('id', 'com.lemon.lemonban:id/et_password') - [basepage.py:81]
2019-04-26 23:24:35,143 - basepage - INFO - 查找模块：model下的元素：('id', 'com.lemon.lemonban:id/et_password') - [basepage.py:51]
2019-04-26 23:24:35,655 - basepage - INFO - 查找到元素成功 - [basepage.py:54]
2019-04-26 23:24:35,704 - basepage - INFO - 查找模块：LoginPage下的元素：('id', 'com.lemon.lemonban:id/et_password') - [basepage.py:51]
2019-04-26 23:24:36,230 - basepage - INFO - 查找到元素成功 - [basepage.py:54]
2019-04-26 23:24:36,230 - basepage - INFO - 输入操作：模块 LoginPage 下的元素 ('id', 'com.lemon.lemonban:id/et_password')输入文本 810778 - [basepage.py:96]
2019-04-26 23:24:36,812 - basepage - INFO - 等待元素可见：('id', 'com.lemon.lemonban:id/btn_login') - [basepage.py:31]
2019-04-26 23:24:37,378 - basepage - INFO - 元素已可见。等待元素可见总时长:0.5654475688934326 - [basepage.py:39]
2019-04-26 23:24:37,379 - basepage - INFO - 点击操作：模块 LoginPage 下的元素 ('id', 'com.lemon.lemonban:id/btn_login') - [basepage.py:81]
2019-04-26 23:24:39,953 - basepage - INFO - 查找模块：model下的元素：('xpath', '//*[contains(@text,"错误的账号信息")]') - [basepage.py:51]
2019-04-26 23:24:40,117 - basepage - INFO - 查找到元素成功 - [basepage.py:54]
2019-04-26 23:24:40,236 - test_login - INFO - 获取toast:错误的账号信息成功 - [test_login.py:40]
2019-04-26 23:24:40,242 - basepage - INFO - 等待元素可见：('id', 'com.lemon.lemonban:id/et_mobile') - [basepage.py:31]
2019-04-26 23:24:40,328 - basepage - INFO - 元素已可见。等待元素可见总时长:0.08591818809509277 - [basepage.py:39]
2019-04-26 23:24:40,329 - basepage - INFO - 点击操作：模块 LoginPage 下的元素 ('id', 'com.lemon.lemonban:id/et_mobile') - [basepage.py:81]
2019-04-26 23:24:40,449 - basepage - INFO - 查找模块：model下的元素：('id', 'com.lemon.lemonban:id/et_mobile') - [basepage.py:51]
2019-04-26 23:24:41,145 - basepage - INFO - 查找到元素成功 - [basepage.py:54]
2019-04-26 23:24:41,256 - basepage - INFO - 查找模块：LoginPage下的元素：('id', 'com.lemon.lemonban:id/et_mobile') - [basepage.py:51]
2019-04-26 23:24:41,828 - basepage - INFO - 查找到元素成功 - [basepage.py:54]
2019-04-26 23:24:41,829 - basepage - INFO - 输入操作：模块 LoginPage 下的元素 ('id', 'com.lemon.lemonban:id/et_mobile')输入文本 17751810779 - [basepage.py:96]
2019-04-26 23:24:42,420 - basepage - INFO - 等待元素可见：('id', 'com.lemon.lemonban:id/et_password') - [basepage.py:31]
2019-04-26 23:24:42,969 - basepage - INFO - 元素已可见。等待元素可见总时长:0.548882007598877 - [basepage.py:39]
2019-04-26 23:24:42,969 - basepage - INFO - 点击操作：模块 LoginPage 下的元素 ('id', 'com.lemon.lemonban:id/et_password') - [basepage.py:81]
2019-04-26 23:24:43,055 - basepage - INFO - 查找模块：model下的元素：('id', 'com.lemon.lemonban:id/et_password') - [basepage.py:51]
2019-04-26 23:24:43,726 - basepage - INFO - 查找到元素成功 - [basepage.py:54]
2019-04-26 23:24:43,794 - basepage - INFO - 查找模块：LoginPage下的元素：('id', 'com.lemon.lemonban:id/et_password') - [basepage.py:51]
2019-04-26 23:24:44,410 - basepage - INFO - 查找到元素成功 - [basepage.py:54]
2019-04-26 23:24:44,410 - basepage - INFO - 输入操作：模块 LoginPage 下的元素 ('id', 'com.lemon.lemonban:id/et_password')输入文本  - [basepage.py:96]
2019-04-26 23:24:44,969 - basepage - INFO - 等待元素可见：('id', 'com.lemon.lemonban:id/btn_login') - [basepage.py:31]
2019-04-26 23:24:45,532 - basepage - INFO - 元素已可见。等待元素可见总时长:0.5621745586395264 - [basepage.py:39]
2019-04-26 23:24:45,532 - basepage - INFO - 点击操作：模块 LoginPage 下的元素 ('id', 'com.lemon.lemonban:id/btn_login') - [basepage.py:81]
2019-04-26 23:24:46,290 - basepage - INFO - 查找模块：model下的元素：('xpath', '//*[contains(@text,"手机号码或密码不能为空")]') - [basepage.py:51]
2019-04-26 23:24:46,422 - basepage - INFO - 查找到元素成功 - [basepage.py:54]
2019-04-26 23:24:46,557 - test_login - INFO - 获取toast:手机号码或密码不能为空成功 - [test_login.py:40]
2019-04-26 23:24:46,562 - basepage - INFO - 等待元素可见：('id', 'com.lemon.lemonban:id/et_mobile') - [basepage.py:31]
2019-04-26 23:24:46,643 - basepage - INFO - 元素已可见。等待元素可见总时长:0.08103561401367188 - [basepage.py:39]
2019-04-26 23:24:46,644 - basepage - INFO - 点击操作：模块 LoginPage 下的元素 ('id', 'com.lemon.lemonban:id/et_mobile') - [basepage.py:81]
2019-04-26 23:24:46,754 - basepage - INFO - 查找模块：model下的元素：('id', 'com.lemon.lemonban:id/et_mobile') - [basepage.py:51]
2019-04-26 23:24:47,345 - basepage - INFO - 查找到元素成功 - [basepage.py:54]
2019-04-26 23:24:47,433 - basepage - INFO - 查找模块：LoginPage下的元素：('id', 'com.lemon.lemonban:id/et_mobile') - [basepage.py:51]
2019-04-26 23:24:48,023 - basepage - INFO - 查找到元素成功 - [basepage.py:54]
2019-04-26 23:24:48,023 - basepage - INFO - 输入操作：模块 LoginPage 下的元素 ('id', 'com.lemon.lemonban:id/et_mobile')输入文本 adassadd - [basepage.py:96]
2019-04-26 23:24:48,608 - basepage - INFO - 等待元素可见：('id', 'com.lemon.lemonban:id/et_password') - [basepage.py:31]
2019-04-26 23:24:49,162 - basepage - INFO - 元素已可见。等待元素可见总时长:0.5540890693664551 - [basepage.py:39]
2019-04-26 23:24:49,162 - basepage - INFO - 点击操作：模块 LoginPage 下的元素 ('id', 'com.lemon.lemonban:id/et_password') - [basepage.py:81]
2019-04-26 23:24:49,206 - basepage - INFO - 查找模块：model下的元素：('id', 'com.lemon.lemonban:id/et_password') - [basepage.py:51]
2019-04-26 23:24:49,730 - basepage - INFO - 查找到元素成功 - [basepage.py:54]
2019-04-26 23:24:49,770 - basepage - INFO - 查找模块：LoginPage下的元素：('id', 'com.lemon.lemonban:id/et_password') - [basepage.py:51]
2019-04-26 23:24:50,298 - basepage - INFO - 查找到元素成功 - [basepage.py:54]
2019-04-26 23:24:50,298 - basepage - INFO - 输入操作：模块 LoginPage 下的元素 ('id', 'com.lemon.lemonban:id/et_password')输入文本 dasdas - [basepage.py:96]
2019-04-26 23:24:50,879 - basepage - INFO - 等待元素可见：('id', 'com.lemon.lemonban:id/btn_login') - [basepage.py:31]
2019-04-26 23:24:51,433 - basepage - INFO - 元素已可见。等待元素可见总时长:0.5544157028198242 - [basepage.py:39]
2019-04-26 23:24:51,433 - basepage - INFO - 点击操作：模块 LoginPage 下的元素 ('id', 'com.lemon.lemonban:id/btn_login') - [basepage.py:81]
2019-04-26 23:24:52,100 - basepage - INFO - 查找模块：model下的元素：('xpath', '//*[contains(@text,"手机号码格式不正确")]') - [basepage.py:51]
2019-04-26 23:24:52,250 - basepage - INFO - 查找到元素成功 - [basepage.py:54]
2019-04-26 23:24:52,367 - test_login - INFO - 获取toast:手机号码格式不正确成功 - [test_login.py:40]
2019-04-26 23:24:52,372 - basepage - INFO - 等待元素可见：('id', 'com.lemon.lemonban:id/et_mobile') - [basepage.py:31]
2019-04-26 23:24:52,460 - basepage - INFO - 元素已可见。等待元素可见总时长:0.08786988258361816 - [basepage.py:39]
2019-04-26 23:24:52,460 - basepage - INFO - 点击操作：模块 LoginPage 下的元素 ('id', 'com.lemon.lemonban:id/et_mobile') - [basepage.py:81]
2019-04-26 23:24:52,525 - basepage - INFO - 查找模块：model下的元素：('id', 'com.lemon.lemonban:id/et_mobile') - [basepage.py:51]
2019-04-26 23:24:53,145 - basepage - INFO - 查找到元素成功 - [basepage.py:54]
2019-04-26 23:24:53,210 - basepage - INFO - 查找模块：LoginPage下的元素：('id', 'com.lemon.lemonban:id/et_mobile') - [basepage.py:51]
2019-04-26 23:24:53,816 - basepage - INFO - 查找到元素成功 - [basepage.py:54]
2019-04-26 23:24:53,816 - basepage - INFO - 输入操作：模块 LoginPage 下的元素 ('id', 'com.lemon.lemonban:id/et_mobile')输入文本 17751810779 - [basepage.py:96]
2019-04-26 23:24:54,400 - basepage - INFO - 等待元素可见：('id', 'com.lemon.lemonban:id/et_password') - [basepage.py:31]
2019-04-26 23:24:54,950 - basepage - INFO - 元素已可见。等待元素可见总时长:0.5508255958557129 - [basepage.py:39]
2019-04-26 23:24:54,950 - basepage - INFO - 点击操作：模块 LoginPage 下的元素 ('id', 'com.lemon.lemonban:id/et_password') - [basepage.py:81]
2019-04-26 23:24:55,018 - basepage - INFO - 查找模块：model下的元素：('id', 'com.lemon.lemonban:id/et_password') - [basepage.py:51]
2019-04-26 23:24:55,646 - basepage - INFO - 查找到元素成功 - [basepage.py:54]
2019-04-26 23:24:55,693 - basepage - INFO - 查找模块：LoginPage下的元素：('id', 'com.lemon.lemonban:id/et_password') - [basepage.py:51]
2019-04-26 23:24:56,313 - basepage - INFO - 查找到元素成功 - [basepage.py:54]
2019-04-26 23:24:56,313 - basepage - INFO - 输入操作：模块 LoginPage 下的元素 ('id', 'com.lemon.lemonban:id/et_password')输入文本 156 - [basepage.py:96]
2019-04-26 23:24:56,888 - basepage - INFO - 等待元素可见：('id', 'com.lemon.lemonban:id/btn_login') - [basepage.py:31]
2019-04-26 23:24:57,436 - basepage - INFO - 元素已可见。等待元素可见总时长:0.5459372997283936 - [basepage.py:39]
2019-04-26 23:24:57,436 - basepage - INFO - 点击操作：模块 LoginPage 下的元素 ('id', 'com.lemon.lemonban:id/btn_login') - [basepage.py:81]
2019-04-26 23:24:57,988 - basepage - INFO - 查找模块：model下的元素：('xpath', '//*[contains(@text,"密码格式不正确")]') - [basepage.py:51]
2019-04-26 23:24:58,152 - basepage - INFO - 查找到元素成功 - [basepage.py:54]
2019-04-26 23:24:58,260 - test_login - INFO - 获取toast:密码格式不正确成功 - [test_login.py:40]
2019-04-26 23:24:58,267 - basepage - INFO - 等待元素可见：('id', 'com.lemon.lemonban:id/et_mobile') - [basepage.py:31]
2019-04-26 23:24:58,365 - basepage - INFO - 元素已可见。等待元素可见总时长:0.09763169288635254 - [basepage.py:39]
2019-04-26 23:24:58,365 - basepage - INFO - 点击操作：模块 LoginPage 下的元素 ('id', 'com.lemon.lemonban:id/et_mobile') - [basepage.py:81]
2019-04-26 23:24:58,473 - basepage - INFO - 查找模块：model下的元素：('id', 'com.lemon.lemonban:id/et_mobile') - [basepage.py:51]
2019-04-26 23:24:59,095 - basepage - INFO - 查找到元素成功 - [basepage.py:54]
2019-04-26 23:24:59,163 - basepage - INFO - 查找模块：LoginPage下的元素：('id', 'com.lemon.lemonban:id/et_mobile') - [basepage.py:51]
2019-04-26 23:24:59,784 - basepage - INFO - 查找到元素成功 - [basepage.py:54]
2019-04-26 23:24:59,784 - basepage - INFO - 输入操作：模块 LoginPage 下的元素 ('id', 'com.lemon.lemonban:id/et_mobile')输入文本 17751810779 - [basepage.py:96]
2019-04-26 23:25:00,367 - basepage - INFO - 等待元素可见：('id', 'com.lemon.lemonban:id/et_password') - [basepage.py:31]
2019-04-26 23:25:00,914 - basepage - INFO - 元素已可见。等待元素可见总时长:0.5473799705505371 - [basepage.py:39]
2019-04-26 23:25:00,914 - basepage - INFO - 点击操作：模块 LoginPage 下的元素 ('id', 'com.lemon.lemonban:id/et_password') - [basepage.py:81]
2019-04-26 23:25:00,981 - basepage - INFO - 查找模块：model下的元素：('id', 'com.lemon.lemonban:id/et_password') - [basepage.py:51]
2019-04-26 23:25:01,639 - basepage - INFO - 查找到元素成功 - [basepage.py:54]
2019-04-26 23:25:02,285 - basepage - INFO - 查找模块：LoginPage下的元素：('id', 'com.lemon.lemonban:id/et_password') - [basepage.py:51]
2019-04-26 23:25:02,881 - basepage - INFO - 查找到元素成功 - [basepage.py:54]
2019-04-26 23:25:02,882 - basepage - INFO - 输入操作：模块 LoginPage 下的元素 ('id', 'com.lemon.lemonban:id/et_password')输入文本 810779 - [basepage.py:96]
2019-04-26 23:25:03,472 - basepage - INFO - 等待元素可见：('id', 'com.lemon.lemonban:id/btn_login') - [basepage.py:31]
2019-04-26 23:25:04,016 - basepage - INFO - 元素已可见。等待元素可见总时长:0.5444977283477783 - [basepage.py:39]
2019-04-26 23:25:04,017 - basepage - INFO - 点击操作：模块 LoginPage 下的元素 ('id', 'com.lemon.lemonban:id/btn_login') - [basepage.py:81]
2019-04-26 23:25:04,055 - basepage - INFO - 等待元素可见：('id', 'com.lemon.lemonban:id/navigation_tiku') - [basepage.py:31]
2019-04-26 23:25:07,466 - basepage - INFO - 元素已可见。等待元素可见总时长:3.4113609790802 - [basepage.py:39]
2019-04-26 23:25:08,511 - test_login - INFO - 登录成功 - [test_login.py:57]
2019-04-26 23:26:39,048 - basepage - INFO - 等待元素可见：('id', 'com.lemon.lemonban:id/navigation_my') - [basepage.py:31]
2019-04-26 23:26:44,313 - basepage - INFO - 元素已可见。等待元素可见总时长:5.2646307945251465 - [basepage.py:39]
2019-04-26 23:26:45,467 - basepage - INFO - 查找模块：tiku下的元素：('id', 'com.lemon.lemonban:id/fragment_category_type') - [basepage.py:64]
2019-04-26 23:26:45,565 - basepage - INFO - 查找到元素成功 - [basepage.py:67]
2019-04-26 23:28:41,243 - basepage - INFO - 等待元素可见：('id', 'com.lemon.lemonban:id/navigation_tiku') - [basepage.py:31]
2019-04-26 23:28:46,545 - basepage - INFO - 元素已可见。等待元素可见总时长:5.301663875579834 - [basepage.py:39]
2019-04-26 23:28:47,566 - basepage - INFO - 等待元素可见：('id', 'com.lemon.lemonban:id/button_go_login') - [basepage.py:31]
2019-04-26 23:28:47,685 - basepage - INFO - 元素已可见。等待元素可见总时长:0.11812353134155273 - [basepage.py:39]
2019-04-26 23:28:47,685 - basepage - INFO - 点击操作：模块 model 下的元素 ('id', 'com.lemon.lemonban:id/button_go_login') - [basepage.py:81]
2019-04-26 23:28:47,744 - basepage - INFO - 等待元素可见：('id', 'com.lemon.lemonban:id/et_mobile') - [basepage.py:31]
2019-04-26 23:28:50,061 - basepage - INFO - 元素已可见。等待元素可见总时长:2.314692497253418 - [basepage.py:39]
2019-04-26 23:28:50,061 - basepage - INFO - 点击操作：模块 LoginPage 下的元素 ('id', 'com.lemon.lemonban:id/et_mobile') - [basepage.py:81]
2019-04-26 23:28:50,138 - basepage - INFO - 查找模块：model下的元素：('id', 'com.lemon.lemonban:id/et_mobile') - [basepage.py:51]
2019-04-26 23:28:50,651 - basepage - INFO - 查找到元素成功 - [basepage.py:54]
2019-04-26 23:28:50,732 - basepage - INFO - 查找模块：LoginPage下的元素：('id', 'com.lemon.lemonban:id/et_mobile') - [basepage.py:51]
2019-04-26 23:28:51,242 - basepage - INFO - 查找到元素成功 - [basepage.py:54]
2019-04-26 23:28:51,243 - basepage - INFO - 输入操作：模块 LoginPage 下的元素 ('id', 'com.lemon.lemonban:id/et_mobile')输入文本 17751810778 - [basepage.py:96]
2019-04-26 23:28:51,848 - basepage - INFO - 等待元素可见：('id', 'com.lemon.lemonban:id/et_password') - [basepage.py:31]
2019-04-26 23:28:52,412 - basepage - INFO - 元素已可见。等待元素可见总时长:0.5640170574188232 - [basepage.py:39]
2019-04-26 23:28:52,413 - basepage - INFO - 点击操作：模块 LoginPage 下的元素 ('id', 'com.lemon.lemonban:id/et_password') - [basepage.py:81]
2019-04-26 23:28:52,507 - basepage - INFO - 查找模块：model下的元素：('id', 'com.lemon.lemonban:id/et_password') - [basepage.py:51]
2019-04-26 23:28:52,982 - basepage - INFO - 查找到元素成功 - [basepage.py:54]
2019-04-26 23:28:53,032 - basepage - INFO - 查找模块：LoginPage下的元素：('id', 'com.lemon.lemonban:id/et_password') - [basepage.py:51]
2019-04-26 23:28:53,554 - basepage - INFO - 查找到元素成功 - [basepage.py:54]
2019-04-26 23:28:53,554 - basepage - INFO - 输入操作：模块 LoginPage 下的元素 ('id', 'com.lemon.lemonban:id/et_password')输入文本 810778 - [basepage.py:96]
2019-04-26 23:28:54,159 - basepage - INFO - 等待元素可见：('id', 'com.lemon.lemonban:id/btn_login') - [basepage.py:31]
2019-04-26 23:28:54,714 - basepage - INFO - 元素已可见。等待元素可见总时长:0.554940938949585 - [basepage.py:39]
2019-04-26 23:28:54,714 - basepage - INFO - 点击操作：模块 LoginPage 下的元素 ('id', 'com.lemon.lemonban:id/btn_login') - [basepage.py:81]
2019-04-26 23:28:57,170 - basepage - INFO - 查找模块：model下的元素：('xpath', '//*[contains(@text,"错误的账号信息")]') - [basepage.py:51]
2019-04-26 23:28:57,310 - basepage - INFO - 查找到元素成功 - [basepage.py:54]
2019-04-26 23:28:57,420 - test_login - INFO - 获取toast:错误的账号信息成功 - [test_login.py:40]
2019-04-26 23:28:57,425 - basepage - INFO - 等待元素可见：('id', 'com.lemon.lemonban:id/et_mobile') - [basepage.py:31]
2019-04-26 23:28:57,515 - basepage - INFO - 元素已可见。等待元素可见总时长:0.08883333206176758 - [basepage.py:39]
2019-04-26 23:28:57,515 - basepage - INFO - 点击操作：模块 LoginPage 下的元素 ('id', 'com.lemon.lemonban:id/et_mobile') - [basepage.py:81]
2019-04-26 23:28:57,716 - basepage - INFO - 查找模块：model下的元素：('id', 'com.lemon.lemonban:id/et_mobile') - [basepage.py:51]
2019-04-26 23:28:58,428 - basepage - INFO - 查找到元素成功 - [basepage.py:54]
2019-04-26 23:28:58,523 - basepage - INFO - 查找模块：LoginPage下的元素：('id', 'com.lemon.lemonban:id/et_mobile') - [basepage.py:51]
2019-04-26 23:28:59,138 - basepage - INFO - 查找到元素成功 - [basepage.py:54]
2019-04-26 23:28:59,138 - basepage - INFO - 输入操作：模块 LoginPage 下的元素 ('id', 'com.lemon.lemonban:id/et_mobile')输入文本 17751810779 - [basepage.py:96]
2019-04-26 23:28:59,723 - basepage - INFO - 等待元素可见：('id', 'com.lemon.lemonban:id/et_password') - [basepage.py:31]
2019-04-26 23:29:00,268 - basepage - INFO - 元素已可见。等待元素可见总时长:0.5449459552764893 - [basepage.py:39]
2019-04-26 23:29:00,268 - basepage - INFO - 点击操作：模块 LoginPage 下的元素 ('id', 'com.lemon.lemonban:id/et_password') - [basepage.py:81]
2019-04-26 23:29:00,342 - basepage - INFO - 查找模块：model下的元素：('id', 'com.lemon.lemonban:id/et_password') - [basepage.py:51]
2019-04-26 23:29:01,023 - basepage - INFO - 查找到元素成功 - [basepage.py:54]
2019-04-26 23:29:01,084 - basepage - INFO - 查找模块：LoginPage下的元素：('id', 'com.lemon.lemonban:id/et_password') - [basepage.py:51]
2019-04-26 23:29:02,242 - basepage - INFO - 查找到元素成功 - [basepage.py:54]
2019-04-26 23:29:02,243 - basepage - INFO - 输入操作：模块 LoginPage 下的元素 ('id', 'com.lemon.lemonban:id/et_password')输入文本  - [basepage.py:96]
2019-04-26 23:29:02,801 - basepage - INFO - 等待元素可见：('id', 'com.lemon.lemonban:id/btn_login') - [basepage.py:31]
2019-04-26 23:29:03,361 - basepage - INFO - 元素已可见。等待元素可见总时长:0.5584962368011475 - [basepage.py:39]
2019-04-26 23:29:03,362 - basepage - INFO - 点击操作：模块 LoginPage 下的元素 ('id', 'com.lemon.lemonban:id/btn_login') - [basepage.py:81]
2019-04-26 23:29:04,170 - basepage - INFO - 查找模块：model下的元素：('xpath', '//*[contains(@text,"手机号码或密码不能为空")]') - [basepage.py:51]
2019-04-26 23:29:04,310 - basepage - INFO - 查找到元素成功 - [basepage.py:54]
2019-04-26 23:29:04,424 - test_login - INFO - 获取toast:手机号码或密码不能为空成功 - [test_login.py:40]
2019-04-26 23:29:04,429 - basepage - INFO - 等待元素可见：('id', 'com.lemon.lemonban:id/et_mobile') - [basepage.py:31]
2019-04-26 23:29:04,530 - basepage - INFO - 元素已可见。等待元素可见总时长:0.10155677795410156 - [basepage.py:39]
2019-04-26 23:29:04,531 - basepage - INFO - 点击操作：模块 LoginPage 下的元素 ('id', 'com.lemon.lemonban:id/et_mobile') - [basepage.py:81]
2019-04-26 23:29:04,618 - basepage - INFO - 查找模块：model下的元素：('id', 'com.lemon.lemonban:id/et_mobile') - [basepage.py:51]
2019-04-26 23:29:05,258 - basepage - INFO - 查找到元素成功 - [basepage.py:54]
2019-04-26 23:29:05,331 - basepage - INFO - 查找模块：LoginPage下的元素：('id', 'com.lemon.lemonban:id/et_mobile') - [basepage.py:51]
2019-04-26 23:29:05,950 - basepage - INFO - 查找到元素成功 - [basepage.py:54]
2019-04-26 23:29:05,950 - basepage - INFO - 输入操作：模块 LoginPage 下的元素 ('id', 'com.lemon.lemonban:id/et_mobile')输入文本 adassadd - [basepage.py:96]
2019-04-26 23:29:06,521 - basepage - INFO - 等待元素可见：('id', 'com.lemon.lemonban:id/et_password') - [basepage.py:31]
2019-04-26 23:29:07,064 - basepage - INFO - 元素已可见。等待元素可见总时长:0.542891263961792 - [basepage.py:39]
2019-04-26 23:29:07,065 - basepage - INFO - 点击操作：模块 LoginPage 下的元素 ('id', 'com.lemon.lemonban:id/et_password') - [basepage.py:81]
2019-04-26 23:29:07,122 - basepage - INFO - 查找模块：model下的元素：('id', 'com.lemon.lemonban:id/et_password') - [basepage.py:51]
2019-04-26 23:29:07,627 - basepage - INFO - 查找到元素成功 - [basepage.py:54]
2019-04-26 23:29:07,673 - basepage - INFO - 查找模块：LoginPage下的元素：('id', 'com.lemon.lemonban:id/et_password') - [basepage.py:51]
2019-04-26 23:29:08,206 - basepage - INFO - 查找到元素成功 - [basepage.py:54]
2019-04-26 23:29:08,206 - basepage - INFO - 输入操作：模块 LoginPage 下的元素 ('id', 'com.lemon.lemonban:id/et_password')输入文本 dasdas - [basepage.py:96]
2019-04-26 23:29:08,790 - basepage - INFO - 等待元素可见：('id', 'com.lemon.lemonban:id/btn_login') - [basepage.py:31]
2019-04-26 23:29:09,347 - basepage - INFO - 元素已可见。等待元素可见总时长:0.5575108528137207 - [basepage.py:39]
2019-04-26 23:29:09,347 - basepage - INFO - 点击操作：模块 LoginPage 下的元素 ('id', 'com.lemon.lemonban:id/btn_login') - [basepage.py:81]
2019-04-26 23:29:09,904 - basepage - INFO - 查找模块：model下的元素：('xpath', '//*[contains(@text,"手机号码格式不正确")]') - [basepage.py:51]
2019-04-26 23:29:10,046 - basepage - INFO - 查找到元素成功 - [basepage.py:54]
2019-04-26 23:29:10,154 - test_login - INFO - 获取toast:手机号码格式不正确成功 - [test_login.py:40]
2019-04-26 23:29:10,159 - basepage - INFO - 等待元素可见：('id', 'com.lemon.lemonban:id/et_mobile') - [basepage.py:31]
2019-04-26 23:29:10,247 - basepage - INFO - 元素已可见。等待元素可见总时长:0.08786988258361816 - [basepage.py:39]
2019-04-26 23:29:10,247 - basepage - INFO - 点击操作：模块 LoginPage 下的元素 ('id', 'com.lemon.lemonban:id/et_mobile') - [basepage.py:81]
2019-04-26 23:29:10,306 - basepage - INFO - 查找模块：model下的元素：('id', 'com.lemon.lemonban:id/et_mobile') - [basepage.py:51]
2019-04-26 23:29:10,949 - basepage - INFO - 查找到元素成功 - [basepage.py:54]
2019-04-26 23:29:11,008 - basepage - INFO - 查找模块：LoginPage下的元素：('id', 'com.lemon.lemonban:id/et_mobile') - [basepage.py:51]
2019-04-26 23:29:11,620 - basepage - INFO - 查找到元素成功 - [basepage.py:54]
2019-04-26 23:29:11,621 - basepage - INFO - 输入操作：模块 LoginPage 下的元素 ('id', 'com.lemon.lemonban:id/et_mobile')输入文本 17751810779 - [basepage.py:96]
2019-04-26 23:29:12,202 - basepage - INFO - 等待元素可见：('id', 'com.lemon.lemonban:id/et_password') - [basepage.py:31]
2019-04-26 23:29:12,751 - basepage - INFO - 元素已可见。等待元素可见总时长:0.5489356517791748 - [basepage.py:39]
2019-04-26 23:29:12,752 - basepage - INFO - 点击操作：模块 LoginPage 下的元素 ('id', 'com.lemon.lemonban:id/et_password') - [basepage.py:81]
2019-04-26 23:29:12,810 - basepage - INFO - 查找模块：model下的元素：('id', 'com.lemon.lemonban:id/et_password') - [basepage.py:51]
2019-04-26 23:29:13,465 - basepage - INFO - 查找到元素成功 - [basepage.py:54]
2019-04-26 23:29:13,527 - basepage - INFO - 查找模块：LoginPage下的元素：('id', 'com.lemon.lemonban:id/et_password') - [basepage.py:51]
2019-04-26 23:29:14,146 - basepage - INFO - 查找到元素成功 - [basepage.py:54]
2019-04-26 23:29:14,146 - basepage - INFO - 输入操作：模块 LoginPage 下的元素 ('id', 'com.lemon.lemonban:id/et_password')输入文本 156 - [basepage.py:96]
2019-04-26 23:29:14,719 - basepage - INFO - 等待元素可见：('id', 'com.lemon.lemonban:id/btn_login') - [basepage.py:31]
2019-04-26 23:29:15,269 - basepage - INFO - 元素已可见。等待元素可见总时长:0.5497558116912842 - [basepage.py:39]
2019-04-26 23:29:15,269 - basepage - INFO - 点击操作：模块 LoginPage 下的元素 ('id', 'com.lemon.lemonban:id/btn_login') - [basepage.py:81]
2019-04-26 23:29:15,838 - basepage - INFO - 查找模块：model下的元素：('xpath', '//*[contains(@text,"密码格式不正确")]') - [basepage.py:51]
2019-04-26 23:29:15,978 - basepage - INFO - 查找到元素成功 - [basepage.py:54]
2019-04-26 23:29:16,089 - test_login - INFO - 获取toast:密码格式不正确成功 - [test_login.py:40]
2019-04-26 23:29:16,094 - basepage - INFO - 等待元素可见：('id', 'com.lemon.lemonban:id/et_mobile') - [basepage.py:31]
2019-04-26 23:29:16,178 - basepage - INFO - 元素已可见。等待元素可见总时长:0.08396482467651367 - [basepage.py:39]
2019-04-26 23:29:16,178 - basepage - INFO - 点击操作：模块 LoginPage 下的元素 ('id', 'com.lemon.lemonban:id/et_mobile') - [basepage.py:81]
2019-04-26 23:29:16,252 - basepage - INFO - 查找模块：model下的元素：('id', 'com.lemon.lemonban:id/et_mobile') - [basepage.py:51]
2019-04-26 23:29:16,889 - basepage - INFO - 查找到元素成功 - [basepage.py:54]
2019-04-26 23:29:16,955 - basepage - INFO - 查找模块：LoginPage下的元素：('id', 'com.lemon.lemonban:id/et_mobile') - [basepage.py:51]
2019-04-26 23:29:17,584 - basepage - INFO - 查找到元素成功 - [basepage.py:54]
2019-04-26 23:29:17,584 - basepage - INFO - 输入操作：模块 LoginPage 下的元素 ('id', 'com.lemon.lemonban:id/et_mobile')输入文本 17751810779 - [basepage.py:96]
2019-04-26 23:29:18,178 - basepage - INFO - 等待元素可见：('id', 'com.lemon.lemonban:id/et_password') - [basepage.py:31]
2019-04-26 23:29:18,731 - basepage - INFO - 元素已可见。等待元素可见总时长:0.552605152130127 - [basepage.py:39]
2019-04-26 23:29:18,731 - basepage - INFO - 点击操作：模块 LoginPage 下的元素 ('id', 'com.lemon.lemonban:id/et_password') - [basepage.py:81]
2019-04-26 23:29:18,787 - basepage - INFO - 查找模块：model下的元素：('id', 'com.lemon.lemonban:id/et_password') - [basepage.py:51]
2019-04-26 23:29:19,417 - basepage - INFO - 查找到元素成功 - [basepage.py:54]
2019-04-26 23:29:19,481 - basepage - INFO - 查找模块：LoginPage下的元素：('id', 'com.lemon.lemonban:id/et_password') - [basepage.py:51]
2019-04-26 23:29:20,088 - basepage - INFO - 查找到元素成功 - [basepage.py:54]
2019-04-26 23:29:20,089 - basepage - INFO - 输入操作：模块 LoginPage 下的元素 ('id', 'com.lemon.lemonban:id/et_password')输入文本 810779 - [basepage.py:96]
2019-04-26 23:29:20,664 - basepage - INFO - 等待元素可见：('id', 'com.lemon.lemonban:id/btn_login') - [basepage.py:31]
2019-04-26 23:29:21,220 - basepage - INFO - 元素已可见。等待元素可见总时长:0.5566112995147705 - [basepage.py:39]
2019-04-26 23:29:21,220 - basepage - INFO - 点击操作：模块 LoginPage 下的元素 ('id', 'com.lemon.lemonban:id/btn_login') - [basepage.py:81]
2019-04-26 23:29:21,258 - basepage - INFO - 等待元素可见：('id', 'com.lemon.lemonban:id/navigation_tiku') - [basepage.py:31]
2019-04-26 23:29:24,810 - basepage - INFO - 元素已可见。等待元素可见总时长:3.552354335784912 - [basepage.py:39]
2019-04-26 23:29:25,569 - test_login - INFO - 登录成功 - [test_login.py:57]
2019-04-26 23:29:54,667 - basepage - INFO - 等待元素可见：('id', 'com.lemon.lemonban:id/navigation_tiku') - [basepage.py:31]
2019-04-26 23:29:59,865 - basepage - INFO - 元素已可见。等待元素可见总时长:5.197208404541016 - [basepage.py:39]
2019-04-26 23:30:01,995 - basepage - INFO - 等待元素可见：('id', 'com.lemon.lemonban:id/navigation_my') - [basepage.py:31]
2019-04-26 23:30:02,536 - basepage - INFO - 元素已可见。等待元素可见总时长:0.5409555435180664 - [basepage.py:39]
2019-04-26 23:30:02,611 - basepage - INFO - 等待元素可见：('class name', 'android.widget.ImageButton') - [basepage.py:31]
2019-04-26 23:30:03,727 - basepage - INFO - 元素已可见。等待元素可见总时长:1.1146955490112305 - [basepage.py:39]
2019-04-26 23:30:03,727 - basepage - INFO - 点击操作：模块 MyLemonPage 下的元素 ('class name', 'android.widget.ImageButton') - [basepage.py:81]
2019-04-26 23:30:03,784 - basepage - INFO - 等待元素可见：('id', 'com.lemon.lemonban:id/logout_button') - [basepage.py:31]
2019-04-26 23:30:05,643 - basepage - INFO - 元素已可见。等待元素可见总时长:1.8592195510864258 - [basepage.py:39]
2019-04-26 23:30:05,643 - basepage - INFO - 点击操作：模块 SettingPage 下的元素 ('id', 'com.lemon.lemonban:id/logout_button') - [basepage.py:81]
2019-04-26 23:30:05,687 - basepage - INFO - 等待元素可见：('id', 'com.lemon.lemonban:id/tv_sure') - [basepage.py:31]
2019-04-26 23:30:07,304 - basepage - INFO - 元素已可见。等待元素可见总时长:1.6169235706329346 - [basepage.py:39]
2019-04-26 23:30:07,304 - basepage - INFO - 点击操作：模块 SettingPage 下的元素 ('id', 'com.lemon.lemonban:id/tv_sure') - [basepage.py:81]
2019-04-26 23:30:07,351 - basepage - INFO - 等待元素可见：('id', 'com.lemon.lemonban:id/et_mobile') - [basepage.py:31]
2019-04-26 23:30:38,020 - basepage - ERROR - 等待元素可见超时。 - [basepage.py:43]
Traceback (most recent call last):
  File "D:\PYworkspace\app_test\pages\basepage.py", line 34, in wait_eleVisible
    ele = WebDriverWait(self.driver,timeout,poll_frequency).until(EC.visibility_of_element_located(locator))
  File "C:\Users\asus\AppData\Local\Programs\Python\Python36\lib\site-packages\selenium\webdriver\support\wait.py", line 80, in until
    raise TimeoutException(message, screen, stacktrace)
selenium.common.exceptions.TimeoutException: Message: 

2019-04-26 23:30:38,498 - basepage - INFO - 截图成功，文件路径为：D:\PYworkspace\app_test\outputs/screenshots/LoginPage_2019-04-26-23-30-38.png - [basepage.py:145]
2019-04-26 23:30:38,591 - basepage - INFO - 等待元素可见：('id', 'com.lemon.lemonban:id/et_mobile') - [basepage.py:31]
2019-04-26 23:30:38,725 - basepage - INFO - 元素已可见。等待元素可见总时长:0.13377094268798828 - [basepage.py:39]
2019-04-26 23:30:38,725 - basepage - INFO - 点击操作：模块 LoginPage 下的元素 ('id', 'com.lemon.lemonban:id/et_mobile') - [basepage.py:81]
2019-04-26 23:30:38,845 - basepage - INFO - 查找模块：model下的元素：('id', 'com.lemon.lemonban:id/et_mobile') - [basepage.py:51]
2019-04-26 23:30:39,411 - basepage - INFO - 查找到元素成功 - [basepage.py:54]
2019-04-26 23:30:39,520 - basepage - INFO - 查找模块：LoginPage下的元素：('id', 'com.lemon.lemonban:id/et_mobile') - [basepage.py:51]
2019-04-26 23:30:40,044 - basepage - INFO - 查找到元素成功 - [basepage.py:54]
2019-04-26 23:30:40,044 - basepage - INFO - 输入操作：模块 LoginPage 下的元素 ('id', 'com.lemon.lemonban:id/et_mobile')输入文本 17751810779 - [basepage.py:96]
2019-04-26 23:30:40,645 - basepage - INFO - 等待元素可见：('id', 'com.lemon.lemonban:id/et_password') - [basepage.py:31]
2019-04-26 23:30:41,217 - basepage - INFO - 元素已可见。等待元素可见总时长:0.5708951950073242 - [basepage.py:39]
2019-04-26 23:30:41,218 - basepage - INFO - 点击操作：模块 LoginPage 下的元素 ('id', 'com.lemon.lemonban:id/et_password') - [basepage.py:81]
2019-04-26 23:30:41,274 - basepage - INFO - 查找模块：model下的元素：('id', 'com.lemon.lemonban:id/et_password') - [basepage.py:51]
2019-04-26 23:30:41,797 - basepage - INFO - 查找到元素成功 - [basepage.py:54]
2019-04-26 23:30:41,840 - basepage - INFO - 查找模块：LoginPage下的元素：('id', 'com.lemon.lemonban:id/et_password') - [basepage.py:51]
2019-04-26 23:30:42,373 - basepage - INFO - 查找到元素成功 - [basepage.py:54]
2019-04-26 23:30:42,374 - basepage - INFO - 输入操作：模块 LoginPage 下的元素 ('id', 'com.lemon.lemonban:id/et_password')输入文本  - [basepage.py:96]
2019-04-26 23:30:42,939 - basepage - INFO - 等待元素可见：('id', 'com.lemon.lemonban:id/btn_login') - [basepage.py:31]
2019-04-26 23:30:43,497 - basepage - INFO - 元素已可见。等待元素可见总时长:0.5573468208312988 - [basepage.py:39]
2019-04-26 23:30:43,497 - basepage - INFO - 点击操作：模块 LoginPage 下的元素 ('id', 'com.lemon.lemonban:id/btn_login') - [basepage.py:81]
2019-04-26 23:32:04,777 - basepage - INFO - 等待元素可见：('id', 'com.lemon.lemonban:id/navigation_tiku') - [basepage.py:31]
2019-04-26 23:32:09,756 - basepage - INFO - 元素已可见。等待元素可见总时长:4.978464841842651 - [basepage.py:39]
2019-04-26 23:32:11,108 - basepage - INFO - 等待元素可见：('id', 'com.lemon.lemonban:id/navigation_my') - [basepage.py:31]
2019-04-26 23:32:11,389 - basepage - INFO - 元素已可见。等待元素可见总时长:0.279829740524292 - [basepage.py:39]
2019-04-26 23:32:11,510 - basepage - INFO - 等待元素可见：('class name', 'android.widget.ImageButton') - [basepage.py:31]
2019-04-26 23:32:12,637 - basepage - INFO - 元素已可见。等待元素可见总时长:1.1257641315460205 - [basepage.py:39]
2019-04-26 23:32:12,637 - basepage - INFO - 点击操作：模块 MyLemonPage 下的元素 ('class name', 'android.widget.ImageButton') - [basepage.py:81]
2019-04-26 23:32:12,687 - basepage - INFO - 等待元素可见：('id', 'com.lemon.lemonban:id/logout_button') - [basepage.py:31]
2019-04-26 23:32:14,580 - basepage - INFO - 元素已可见。等待元素可见总时长:1.893472671508789 - [basepage.py:39]
2019-04-26 23:32:14,581 - basepage - INFO - 点击操作：模块 SettingPage 下的元素 ('id', 'com.lemon.lemonban:id/logout_button') - [basepage.py:81]
2019-04-26 23:32:14,629 - basepage - INFO - 等待元素可见：('id', 'com.lemon.lemonban:id/tv_sure') - [basepage.py:31]
2019-04-26 23:32:16,244 - basepage - INFO - 元素已可见。等待元素可见总时长:1.614882230758667 - [basepage.py:39]
2019-04-26 23:32:16,244 - basepage - INFO - 点击操作：模块 SettingPage 下的元素 ('id', 'com.lemon.lemonban:id/tv_sure') - [basepage.py:81]
2019-04-26 23:32:16,301 - basepage - INFO - 等待元素可见：('id', 'com.lemon.lemonban:id/fragment_my_lemon_avatar_layout') - [basepage.py:31]
2019-04-26 23:32:17,330 - basepage - INFO - 元素已可见。等待元素可见总时长:1.0294768810272217 - [basepage.py:39]
2019-04-26 23:32:17,330 - basepage - INFO - 点击操作：模块 MyLemonPage 下的元素 ('id', 'com.lemon.lemonban:id/fragment_my_lemon_avatar_layout') - [basepage.py:81]
2019-04-26 23:32:17,383 - basepage - INFO - 等待元素可见：('id', 'com.lemon.lemonban:id/et_mobile') - [basepage.py:31]
2019-04-26 23:32:19,660 - basepage - INFO - 元素已可见。等待元素可见总时长:2.2771759033203125 - [basepage.py:39]
2019-04-26 23:32:19,660 - basepage - INFO - 点击操作：模块 LoginPage 下的元素 ('id', 'com.lemon.lemonban:id/et_mobile') - [basepage.py:81]
2019-04-26 23:32:19,791 - basepage - INFO - 查找模块：model下的元素：('id', 'com.lemon.lemonban:id/et_mobile') - [basepage.py:51]
2019-04-26 23:32:20,287 - basepage - INFO - 查找到元素成功 - [basepage.py:54]
2019-04-26 23:32:20,346 - basepage - INFO - 查找模块：LoginPage下的元素：('id', 'com.lemon.lemonban:id/et_mobile') - [basepage.py:51]
2019-04-26 23:32:20,887 - basepage - INFO - 查找到元素成功 - [basepage.py:54]
2019-04-26 23:32:20,887 - basepage - INFO - 输入操作：模块 LoginPage 下的元素 ('id', 'com.lemon.lemonban:id/et_mobile')输入文本 17751810778 - [basepage.py:96]
2019-04-26 23:32:21,466 - basepage - INFO - 等待元素可见：('id', 'com.lemon.lemonban:id/et_password') - [basepage.py:31]
2019-04-26 23:32:22,032 - basepage - INFO - 元素已可见。等待元素可见总时长:0.5662851333618164 - [basepage.py:39]
2019-04-26 23:32:22,032 - basepage - INFO - 点击操作：模块 LoginPage 下的元素 ('id', 'com.lemon.lemonban:id/et_password') - [basepage.py:81]
2019-04-26 23:32:22,087 - basepage - INFO - 查找模块：model下的元素：('id', 'com.lemon.lemonban:id/et_password') - [basepage.py:51]
2019-04-26 23:32:22,612 - basepage - INFO - 查找到元素成功 - [basepage.py:54]
2019-04-26 23:32:22,665 - basepage - INFO - 查找模块：LoginPage下的元素：('id', 'com.lemon.lemonban:id/et_password') - [basepage.py:51]
2019-04-26 23:32:23,191 - basepage - INFO - 查找到元素成功 - [basepage.py:54]
2019-04-26 23:32:23,191 - basepage - INFO - 输入操作：模块 LoginPage 下的元素 ('id', 'com.lemon.lemonban:id/et_password')输入文本 810778 - [basepage.py:96]
2019-04-26 23:32:23,762 - basepage - INFO - 等待元素可见：('id', 'com.lemon.lemonban:id/btn_login') - [basepage.py:31]
2019-04-26 23:32:24,331 - basepage - INFO - 元素已可见。等待元素可见总时长:0.5678761005401611 - [basepage.py:39]
2019-04-26 23:32:24,331 - basepage - INFO - 点击操作：模块 LoginPage 下的元素 ('id', 'com.lemon.lemonban:id/btn_login') - [basepage.py:81]
2019-04-26 23:32:26,580 - basepage - INFO - 查找模块：model下的元素：('xpath', '//*[contains(@text,"错误的账号信息")]') - [basepage.py:51]
2019-04-26 23:32:26,716 - basepage - INFO - 查找到元素成功 - [basepage.py:54]
2019-04-26 23:32:26,830 - test_login - INFO - 获取toast:错误的账号信息成功 - [test_login.py:40]
2019-04-26 23:32:26,834 - basepage - INFO - 等待元素可见：('id', 'com.lemon.lemonban:id/et_mobile') - [basepage.py:31]
2019-04-26 23:32:26,948 - basepage - INFO - 元素已可见。等待元素可见总时长:0.11325454711914062 - [basepage.py:39]
2019-04-26 23:32:26,949 - basepage - INFO - 点击操作：模块 LoginPage 下的元素 ('id', 'com.lemon.lemonban:id/et_mobile') - [basepage.py:81]
2019-04-26 23:32:27,069 - basepage - INFO - 查找模块：model下的元素：('id', 'com.lemon.lemonban:id/et_mobile') - [basepage.py:51]
2019-04-26 23:32:27,726 - basepage - INFO - 查找到元素成功 - [basepage.py:54]
2019-04-26 23:32:27,780 - basepage - INFO - 查找模块：LoginPage下的元素：('id', 'com.lemon.lemonban:id/et_mobile') - [basepage.py:51]
2019-04-26 23:32:28,404 - basepage - INFO - 查找到元素成功 - [basepage.py:54]
2019-04-26 23:32:28,404 - basepage - INFO - 输入操作：模块 LoginPage 下的元素 ('id', 'com.lemon.lemonban:id/et_mobile')输入文本 17751810779 - [basepage.py:96]
2019-04-26 23:32:28,977 - basepage - INFO - 等待元素可见：('id', 'com.lemon.lemonban:id/et_password') - [basepage.py:31]
2019-04-26 23:32:29,560 - basepage - INFO - 元素已可见。等待元素可见总时长:0.5819253921508789 - [basepage.py:39]
2019-04-26 23:32:29,561 - basepage - INFO - 点击操作：模块 LoginPage 下的元素 ('id', 'com.lemon.lemonban:id/et_password') - [basepage.py:81]
2019-04-26 23:32:29,630 - basepage - INFO - 查找模块：model下的元素：('id', 'com.lemon.lemonban:id/et_password') - [basepage.py:51]
2019-04-26 23:32:30,319 - basepage - INFO - 查找到元素成功 - [basepage.py:54]
2019-04-26 23:32:30,365 - basepage - INFO - 查找模块：LoginPage下的元素：('id', 'com.lemon.lemonban:id/et_password') - [basepage.py:51]
2019-04-26 23:32:30,988 - basepage - INFO - 查找到元素成功 - [basepage.py:54]
2019-04-26 23:32:30,988 - basepage - INFO - 输入操作：模块 LoginPage 下的元素 ('id', 'com.lemon.lemonban:id/et_password')输入文本  - [basepage.py:96]
2019-04-26 23:32:31,551 - basepage - INFO - 等待元素可见：('id', 'com.lemon.lemonban:id/btn_login') - [basepage.py:31]
2019-04-26 23:32:32,108 - basepage - INFO - 元素已可见。等待元素可见总时长:0.5571846961975098 - [basepage.py:39]
2019-04-26 23:32:32,108 - basepage - INFO - 点击操作：模块 LoginPage 下的元素 ('id', 'com.lemon.lemonban:id/btn_login') - [basepage.py:81]
2019-04-26 23:32:32,692 - basepage - INFO - 查找模块：model下的元素：('xpath', '//*[contains(@text,"手机号码或密码不能为空")]') - [basepage.py:51]
2019-04-26 23:32:32,829 - basepage - INFO - 查找到元素成功 - [basepage.py:54]
2019-04-26 23:32:32,944 - test_login - INFO - 获取toast:手机号码或密码不能为空成功 - [test_login.py:40]
2019-04-26 23:32:32,949 - basepage - INFO - 等待元素可见：('id', 'com.lemon.lemonban:id/et_mobile') - [basepage.py:31]
2019-04-26 23:32:33,038 - basepage - INFO - 元素已可见。等待元素可见总时长:0.08884787559509277 - [basepage.py:39]
2019-04-26 23:32:33,038 - basepage - INFO - 点击操作：模块 LoginPage 下的元素 ('id', 'com.lemon.lemonban:id/et_mobile') - [basepage.py:81]
2019-04-26 23:32:33,086 - basepage - INFO - 查找模块：model下的元素：('id', 'com.lemon.lemonban:id/et_mobile') - [basepage.py:51]
2019-04-26 23:32:33,722 - basepage - INFO - 查找到元素成功 - [basepage.py:54]
2019-04-26 23:32:33,776 - basepage - INFO - 查找模块：LoginPage下的元素：('id', 'com.lemon.lemonban:id/et_mobile') - [basepage.py:51]
2019-04-26 23:32:34,402 - basepage - INFO - 查找到元素成功 - [basepage.py:54]
2019-04-26 23:32:34,403 - basepage - INFO - 输入操作：模块 LoginPage 下的元素 ('id', 'com.lemon.lemonban:id/et_mobile')输入文本 adassadd - [basepage.py:96]
2019-04-26 23:32:34,981 - basepage - INFO - 等待元素可见：('id', 'com.lemon.lemonban:id/et_password') - [basepage.py:31]
2019-04-26 23:32:35,544 - basepage - INFO - 元素已可见。等待元素可见总时长:0.562908411026001 - [basepage.py:39]
2019-04-26 23:32:35,544 - basepage - INFO - 点击操作：模块 LoginPage 下的元素 ('id', 'com.lemon.lemonban:id/et_password') - [basepage.py:81]
2019-04-26 23:32:35,605 - basepage - INFO - 查找模块：model下的元素：('id', 'com.lemon.lemonban:id/et_password') - [basepage.py:51]
2019-04-26 23:32:36,114 - basepage - INFO - 查找到元素成功 - [basepage.py:54]
2019-04-26 23:32:36,158 - basepage - INFO - 查找模块：LoginPage下的元素：('id', 'com.lemon.lemonban:id/et_password') - [basepage.py:51]
2019-04-26 23:32:36,682 - basepage - INFO - 查找到元素成功 - [basepage.py:54]
2019-04-26 23:32:36,682 - basepage - INFO - 输入操作：模块 LoginPage 下的元素 ('id', 'com.lemon.lemonban:id/et_password')输入文本 dasdas - [basepage.py:96]
2019-04-26 23:32:37,260 - basepage - INFO - 等待元素可见：('id', 'com.lemon.lemonban:id/btn_login') - [basepage.py:31]
2019-04-26 23:32:37,819 - basepage - INFO - 元素已可见。等待元素可见总时长:0.5588784217834473 - [basepage.py:39]
2019-04-26 23:32:37,819 - basepage - INFO - 点击操作：模块 LoginPage 下的元素 ('id', 'com.lemon.lemonban:id/btn_login') - [basepage.py:81]
2019-04-26 23:32:38,371 - basepage - INFO - 查找模块：model下的元素：('xpath', '//*[contains(@text,"手机号码格式不正确")]') - [basepage.py:51]
2019-04-26 23:32:38,511 - basepage - INFO - 查找到元素成功 - [basepage.py:54]
2019-04-26 23:32:38,615 - test_login - INFO - 获取toast:手机号码格式不正确成功 - [test_login.py:40]
2019-04-26 23:32:38,620 - basepage - INFO - 等待元素可见：('id', 'com.lemon.lemonban:id/et_mobile') - [basepage.py:31]
2019-04-26 23:32:38,706 - basepage - INFO - 元素已可见。等待元素可见总时长:0.08591580390930176 - [basepage.py:39]
2019-04-26 23:32:38,706 - basepage - INFO - 点击操作：模块 LoginPage 下的元素 ('id', 'com.lemon.lemonban:id/et_mobile') - [basepage.py:81]
2019-04-26 23:32:38,756 - basepage - INFO - 查找模块：model下的元素：('id', 'com.lemon.lemonban:id/et_mobile') - [basepage.py:51]
2019-04-26 23:32:39,383 - basepage - INFO - 查找到元素成功 - [basepage.py:54]
2019-04-26 23:32:39,433 - basepage - INFO - 查找模块：LoginPage下的元素：('id', 'com.lemon.lemonban:id/et_mobile') - [basepage.py:51]
2019-04-26 23:32:40,070 - basepage - INFO - 查找到元素成功 - [basepage.py:54]
2019-04-26 23:32:40,071 - basepage - INFO - 输入操作：模块 LoginPage 下的元素 ('id', 'com.lemon.lemonban:id/et_mobile')输入文本 17751810779 - [basepage.py:96]
2019-04-26 23:32:40,651 - basepage - INFO - 等待元素可见：('id', 'com.lemon.lemonban:id/et_password') - [basepage.py:31]
2019-04-26 23:32:41,209 - basepage - INFO - 元素已可见。等待元素可见总时长:0.5583219528198242 - [basepage.py:39]
2019-04-26 23:32:41,209 - basepage - INFO - 点击操作：模块 LoginPage 下的元素 ('id', 'com.lemon.lemonban:id/et_password') - [basepage.py:81]
2019-04-26 23:32:41,290 - basepage - INFO - 查找模块：model下的元素：('id', 'com.lemon.lemonban:id/et_password') - [basepage.py:51]
2019-04-26 23:32:41,930 - basepage - INFO - 查找到元素成功 - [basepage.py:54]
2019-04-26 23:32:41,982 - basepage - INFO - 查找模块：LoginPage下的元素：('id', 'com.lemon.lemonban:id/et_password') - [basepage.py:51]
2019-04-26 23:32:42,602 - basepage - INFO - 查找到元素成功 - [basepage.py:54]
2019-04-26 23:32:42,603 - basepage - INFO - 输入操作：模块 LoginPage 下的元素 ('id', 'com.lemon.lemonban:id/et_password')输入文本 156 - [basepage.py:96]
2019-04-26 23:32:43,182 - basepage - INFO - 等待元素可见：('id', 'com.lemon.lemonban:id/btn_login') - [basepage.py:31]
2019-04-26 23:32:43,748 - basepage - INFO - 元素已可见。等待元素可见总时长:0.5645501613616943 - [basepage.py:39]
2019-04-26 23:32:43,748 - basepage - INFO - 点击操作：模块 LoginPage 下的元素 ('id', 'com.lemon.lemonban:id/btn_login') - [basepage.py:81]
2019-04-26 23:32:44,305 - basepage - INFO - 查找模块：model下的元素：('xpath', '//*[contains(@text,"密码格式不正确")]') - [basepage.py:51]
2019-04-26 23:32:44,436 - basepage - INFO - 查找到元素成功 - [basepage.py:54]
2019-04-26 23:32:44,546 - test_login - INFO - 获取toast:密码格式不正确成功 - [test_login.py:40]
2019-04-26 23:32:44,551 - basepage - INFO - 等待元素可见：('id', 'com.lemon.lemonban:id/et_mobile') - [basepage.py:31]
2019-04-26 23:32:44,637 - basepage - INFO - 元素已可见。等待元素可见总时长:0.08591675758361816 - [basepage.py:39]
2019-04-26 23:32:44,637 - basepage - INFO - 点击操作：模块 LoginPage 下的元素 ('id', 'com.lemon.lemonban:id/et_mobile') - [basepage.py:81]
2019-04-26 23:32:44,693 - basepage - INFO - 查找模块：model下的元素：('id', 'com.lemon.lemonban:id/et_mobile') - [basepage.py:51]
2019-04-26 23:32:45,409 - basepage - INFO - 查找到元素成功 - [basepage.py:54]
2019-04-26 23:32:45,465 - basepage - INFO - 查找模块：LoginPage下的元素：('id', 'com.lemon.lemonban:id/et_mobile') - [basepage.py:51]
2019-04-26 23:32:46,111 - basepage - INFO - 查找到元素成功 - [basepage.py:54]
2019-04-26 23:32:46,111 - basepage - INFO - 输入操作：模块 LoginPage 下的元素 ('id', 'com.lemon.lemonban:id/et_mobile')输入文本 17751810779 - [basepage.py:96]
2019-04-26 23:32:46,677 - basepage - INFO - 等待元素可见：('id', 'com.lemon.lemonban:id/et_password') - [basepage.py:31]
2019-04-26 23:32:47,246 - basepage - INFO - 元素已可见。等待元素可见总时长:0.5686869621276855 - [basepage.py:39]
2019-04-26 23:32:47,246 - basepage - INFO - 点击操作：模块 LoginPage 下的元素 ('id', 'com.lemon.lemonban:id/et_password') - [basepage.py:81]
2019-04-26 23:32:47,306 - basepage - INFO - 查找模块：model下的元素：('id', 'com.lemon.lemonban:id/et_password') - [basepage.py:51]
2019-04-26 23:32:47,937 - basepage - INFO - 查找到元素成功 - [basepage.py:54]
2019-04-26 23:32:47,994 - basepage - INFO - 查找模块：LoginPage下的元素：('id', 'com.lemon.lemonban:id/et_password') - [basepage.py:51]
2019-04-26 23:32:48,612 - basepage - INFO - 查找到元素成功 - [basepage.py:54]
2019-04-26 23:32:48,612 - basepage - INFO - 输入操作：模块 LoginPage 下的元素 ('id', 'com.lemon.lemonban:id/et_password')输入文本 810779 - [basepage.py:96]
2019-04-26 23:32:49,210 - basepage - INFO - 等待元素可见：('id', 'com.lemon.lemonban:id/btn_login') - [basepage.py:31]
2019-04-26 23:32:49,768 - basepage - INFO - 元素已可见。等待元素可见总时长:0.5581779479980469 - [basepage.py:39]
2019-04-26 23:32:49,768 - basepage - INFO - 点击操作：模块 LoginPage 下的元素 ('id', 'com.lemon.lemonban:id/btn_login') - [basepage.py:81]
2019-04-26 23:32:49,810 - basepage - INFO - 等待元素可见：('id', 'com.lemon.lemonban:id/navigation_tiku') - [basepage.py:31]
2019-04-26 23:32:53,258 - basepage - INFO - 元素已可见。等待元素可见总时长:3.4482223987579346 - [basepage.py:39]
2019-04-26 23:32:54,013 - test_login - INFO - 登录成功 - [test_login.py:57]
2019-04-26 23:33:22,779 - basepage - INFO - 等待元素可见：('id', 'com.lemon.lemonban:id/navigation_my') - [basepage.py:31]
2019-04-26 23:33:27,659 - basepage - INFO - 元素已可见。等待元素可见总时长:4.8787841796875 - [basepage.py:39]
2019-04-26 23:33:28,588 - basepage - INFO - 查找模块：tiku下的元素：('id', 'com.lemon.lemonban:id/fragment_category_type') - [basepage.py:64]
2019-04-26 23:33:28,865 - basepage - INFO - 查找到元素成功 - [basepage.py:67]
2019-04-26 23:35:46,154 - basepage - INFO - 等待元素可见：('id', 'com.lemon.lemonban:id/navigation_my') - [basepage.py:31]
2019-04-26 23:35:51,077 - basepage - INFO - 元素已可见。等待元素可见总时长:4.921823978424072 - [basepage.py:39]
2019-04-26 23:35:52,496 - basepage - INFO - 查找模块：tiku下的元素：('id', 'com.lemon.lemonban:id/fragment_category_type') - [basepage.py:64]
2019-04-26 23:35:52,603 - basepage - INFO - 查找到元素成功 - [basepage.py:67]
2019-04-26 23:36:26,986 - basepage - INFO - 等待元素可见：('id', 'com.lemon.lemonban:id/navigation_tiku') - [basepage.py:31]
2019-04-26 23:36:32,261 - basepage - INFO - 元素已可见。等待元素可见总时长:5.273311614990234 - [basepage.py:39]
2019-04-26 23:36:34,212 - basepage - INFO - 查找模块：tiku下的元素：('id', 'com.lemon.lemonban:id/fragment_category_type') - [basepage.py:64]
2019-04-26 23:36:34,429 - basepage - INFO - 查找到元素成功 - [basepage.py:67]
2019-04-26 23:36:36,889 - basepage - INFO - 查找模块：tiku下的元素：('id', 'com.lemon.lemonban:id/fragment_category_type') - [basepage.py:64]
2019-04-26 23:36:37,091 - basepage - INFO - 查找到元素成功 - [basepage.py:67]
2019-04-26 23:36:46,404 - basepage - INFO - 等待元素可见：('-android uiautomator', 'new UiSelector().text("ISTQB")') - [basepage.py:31]
2019-04-26 23:36:46,757 - basepage - INFO - 元素已可见。等待元素可见总时长:0.35245728492736816 - [basepage.py:39]
2019-04-26 23:36:48,367 - basepage - INFO - 查找模块：tikuPage下的元素：('id', 'com.lemon.lemonban:id/third_level') - [basepage.py:51]
2019-04-26 23:36:48,450 - basepage - INFO - 查找到元素成功 - [basepage.py:54]
2019-04-26 23:40:02,672 - basepage - INFO - 等待元素可见：('id', 'com.lemon.lemonban:id/navigation_tiku') - [basepage.py:31]
2019-04-26 23:40:07,362 - basepage - INFO - 元素已可见。等待元素可见总时长:4.690535306930542 - [basepage.py:39]
2019-04-26 23:40:09,479 - basepage - INFO - 查找模块：tiku下的元素：('id', 'com.lemon.lemonban:id/fragment_category_type') - [basepage.py:64]
2019-04-26 23:40:09,692 - basepage - INFO - 查找到元素成功 - [basepage.py:67]
2019-04-26 23:40:12,107 - basepage - INFO - 查找模块：tiku下的元素：('id', 'com.lemon.lemonban:id/fragment_category_type') - [basepage.py:64]
2019-04-26 23:40:12,315 - basepage - INFO - 查找到元素成功 - [basepage.py:67]
2019-04-26 23:40:28,799 - basepage - INFO - 等待元素可见：('-android uiautomator', 'new UiSelector().text("安全测试")') - [basepage.py:31]
2019-04-26 23:40:29,186 - basepage - INFO - 元素已可见。等待元素可见总时长:0.368361234664917 - [basepage.py:39]
2019-04-26 23:40:30,874 - basepage - INFO - 查找模块：tikuPage下的元素：('id', 'com.lemon.lemonban:id/first_level') - [basepage.py:51]
2019-04-26 23:40:30,962 - basepage - INFO - 查找到元素成功 - [basepage.py:54]
2019-04-26 23:41:47,561 - basepage - INFO - 等待元素可见：('id', 'com.lemon.lemonban:id/navigation_tiku') - [basepage.py:31]
2019-04-26 23:41:52,972 - basepage - INFO - 元素已可见。等待元素可见总时长:5.4103453159332275 - [basepage.py:39]
2019-04-26 23:41:54,585 - basepage - INFO - 查找模块：tiku下的元素：('id', 'com.lemon.lemonban:id/fragment_category_type') - [basepage.py:64]
2019-04-26 23:41:54,791 - basepage - INFO - 查找到元素成功 - [basepage.py:67]
2019-04-26 23:41:57,106 - basepage - INFO - 查找模块：tiku下的元素：('id', 'com.lemon.lemonban:id/fragment_category_type') - [basepage.py:64]
2019-04-26 23:41:57,351 - basepage - INFO - 查找到元素成功 - [basepage.py:67]
2019-04-26 23:42:06,921 - basepage - INFO - 等待元素可见：('-android uiautomator', 'new UiSelector().text("逻辑思维题")') - [basepage.py:31]
2019-04-26 23:42:07,297 - basepage - INFO - 元素已可见。等待元素可见总时长:0.34659552574157715 - [basepage.py:39]
2019-04-26 23:42:09,070 - basepage - INFO - 查找模块：tikuPage下的元素：('id', 'com.lemon.lemonban:id/first_level') - [basepage.py:51]
2019-04-26 23:42:09,158 - basepage - INFO - 查找到元素成功 - [basepage.py:54]
2019-04-26 23:48:10,486 - basepage - INFO - 等待元素可见：('id', 'com.lemon.lemonban:id/navigation_tiku') - [basepage.py:31]
2019-04-26 23:48:15,602 - basepage - INFO - 元素已可见。等待元素可见总时长:5.1161205768585205 - [basepage.py:39]
2019-04-26 23:48:17,029 - basepage - INFO - 等待元素可见：('id', 'com.lemon.lemonban:id/navigation_my') - [basepage.py:31]
2019-04-26 23:48:17,286 - basepage - INFO - 元素已可见。等待元素可见总时长:0.2577390670776367 - [basepage.py:39]
2019-04-26 23:48:17,362 - basepage - INFO - 等待元素可见：('class name', 'android.widget.ImageButton') - [basepage.py:31]
2019-04-26 23:48:18,381 - basepage - INFO - 元素已可见。等待元素可见总时长:1.01883864402771 - [basepage.py:39]
2019-04-26 23:48:18,382 - basepage - INFO - 点击操作：模块 MyLemonPage 下的元素 ('class name', 'android.widget.ImageButton') - [basepage.py:81]
2019-04-26 23:48:18,442 - basepage - INFO - 等待元素可见：('id', 'com.lemon.lemonban:id/logout_button') - [basepage.py:31]
2019-04-26 23:48:20,199 - basepage - INFO - 元素已可见。等待元素可见总时长:1.7573111057281494 - [basepage.py:39]
2019-04-26 23:48:20,200 - basepage - INFO - 点击操作：模块 SettingPage 下的元素 ('id', 'com.lemon.lemonban:id/logout_button') - [basepage.py:81]
2019-04-26 23:48:20,296 - basepage - INFO - 等待元素可见：('id', 'com.lemon.lemonban:id/tv_sure') - [basepage.py:31]
2019-04-26 23:48:21,845 - basepage - INFO - 元素已可见。等待元素可见总时长:1.5494699478149414 - [basepage.py:39]
2019-04-26 23:48:21,845 - basepage - INFO - 点击操作：模块 SettingPage 下的元素 ('id', 'com.lemon.lemonban:id/tv_sure') - [basepage.py:81]
2019-04-26 23:48:21,894 - basepage - INFO - 等待元素可见：('id', 'com.lemon.lemonban:id/fragment_my_lemon_avatar_layout') - [basepage.py:31]
2019-04-26 23:48:23,029 - basepage - INFO - 元素已可见。等待元素可见总时长:1.135082721710205 - [basepage.py:39]
2019-04-26 23:48:23,030 - basepage - INFO - 点击操作：模块 MyLemonPage 下的元素 ('id', 'com.lemon.lemonban:id/fragment_my_lemon_avatar_layout') - [basepage.py:81]
2019-04-26 23:48:23,165 - basepage - INFO - 等待元素可见：('id', 'com.lemon.lemonban:id/et_mobile') - [basepage.py:31]
2019-04-26 23:48:25,406 - basepage - INFO - 元素已可见。等待元素可见总时长:2.2403061389923096 - [basepage.py:39]
2019-04-26 23:48:25,406 - basepage - INFO - 点击操作：模块 LoginPage 下的元素 ('id', 'com.lemon.lemonban:id/et_mobile') - [basepage.py:81]
2019-04-26 23:48:25,509 - basepage - INFO - 查找模块：model下的元素：('id', 'com.lemon.lemonban:id/et_mobile') - [basepage.py:51]
2019-04-26 23:48:26,025 - basepage - INFO - 查找到元素成功 - [basepage.py:54]
2019-04-26 23:48:26,091 - basepage - INFO - 查找模块：LoginPage下的元素：('id', 'com.lemon.lemonban:id/et_mobile') - [basepage.py:51]
2019-04-26 23:48:26,608 - basepage - INFO - 查找到元素成功 - [basepage.py:54]
2019-04-26 23:48:26,608 - basepage - INFO - 输入操作：模块 LoginPage 下的元素 ('id', 'com.lemon.lemonban:id/et_mobile')输入文本 17751810778 - [basepage.py:96]
2019-04-26 23:48:27,222 - basepage - INFO - 等待元素可见：('id', 'com.lemon.lemonban:id/et_password') - [basepage.py:31]
2019-04-26 23:48:27,778 - basepage - INFO - 元素已可见。等待元素可见总时长:0.5560505390167236 - [basepage.py:39]
2019-04-26 23:48:27,778 - basepage - INFO - 点击操作：模块 LoginPage 下的元素 ('id', 'com.lemon.lemonban:id/et_password') - [basepage.py:81]
2019-04-26 23:48:27,843 - basepage - INFO - 查找模块：model下的元素：('id', 'com.lemon.lemonban:id/et_password') - [basepage.py:51]
2019-04-26 23:48:28,360 - basepage - INFO - 查找到元素成功 - [basepage.py:54]
2019-04-26 23:48:28,428 - basepage - INFO - 查找模块：LoginPage下的元素：('id', 'com.lemon.lemonban:id/et_password') - [basepage.py:51]
2019-04-26 23:48:28,945 - basepage - INFO - 查找到元素成功 - [basepage.py:54]
2019-04-26 23:48:28,946 - basepage - INFO - 输入操作：模块 LoginPage 下的元素 ('id', 'com.lemon.lemonban:id/et_password')输入文本 810778 - [basepage.py:96]
2019-04-26 23:48:29,545 - basepage - INFO - 等待元素可见：('id', 'com.lemon.lemonban:id/btn_login') - [basepage.py:31]
2019-04-26 23:48:30,122 - basepage - INFO - 元素已可见。等待元素可见总时长:0.5746819972991943 - [basepage.py:39]
2019-04-26 23:48:30,122 - basepage - INFO - 点击操作：模块 LoginPage 下的元素 ('id', 'com.lemon.lemonban:id/btn_login') - [basepage.py:81]
2019-04-26 23:48:32,501 - basepage - INFO - 查找模块：model下的元素：('xpath', '//*[contains(@text,"错误的账号信息")]') - [basepage.py:51]
2019-04-26 23:48:32,661 - basepage - INFO - 查找到元素成功 - [basepage.py:54]
2019-04-26 23:48:32,778 - test_login - INFO - 获取toast:错误的账号信息成功 - [test_login.py:41]
2019-04-26 23:48:32,807 - basepage - INFO - 等待元素可见：('id', 'com.lemon.lemonban:id/et_mobile') - [basepage.py:31]
2019-04-26 23:48:32,897 - basepage - INFO - 元素已可见。等待元素可见总时长:0.08982229232788086 - [basepage.py:39]
2019-04-26 23:48:32,897 - basepage - INFO - 点击操作：模块 LoginPage 下的元素 ('id', 'com.lemon.lemonban:id/et_mobile') - [basepage.py:81]
2019-04-26 23:48:33,079 - basepage - INFO - 查找模块：model下的元素：('id', 'com.lemon.lemonban:id/et_mobile') - [basepage.py:51]
2019-04-26 23:48:33,762 - basepage - INFO - 查找到元素成功 - [basepage.py:54]
2019-04-26 23:48:33,884 - basepage - INFO - 查找模块：LoginPage下的元素：('id', 'com.lemon.lemonban:id/et_mobile') - [basepage.py:51]
2019-04-26 23:48:34,507 - basepage - INFO - 查找到元素成功 - [basepage.py:54]
2019-04-26 23:48:34,507 - basepage - INFO - 输入操作：模块 LoginPage 下的元素 ('id', 'com.lemon.lemonban:id/et_mobile')输入文本 17751810779 - [basepage.py:96]
2019-04-26 23:48:35,116 - basepage - INFO - 等待元素可见：('id', 'com.lemon.lemonban:id/et_password') - [basepage.py:31]
2019-04-26 23:48:35,672 - basepage - INFO - 元素已可见。等待元素可见总时长:0.5561387538909912 - [basepage.py:39]
2019-04-26 23:48:35,672 - basepage - INFO - 点击操作：模块 LoginPage 下的元素 ('id', 'com.lemon.lemonban:id/et_password') - [basepage.py:81]
2019-04-26 23:48:35,752 - basepage - INFO - 查找模块：model下的元素：('id', 'com.lemon.lemonban:id/et_password') - [basepage.py:51]
2019-04-26 23:48:36,424 - basepage - INFO - 查找到元素成功 - [basepage.py:54]
2019-04-26 23:48:36,490 - basepage - INFO - 查找模块：LoginPage下的元素：('id', 'com.lemon.lemonban:id/et_password') - [basepage.py:51]
2019-04-26 23:48:37,106 - basepage - INFO - 查找到元素成功 - [basepage.py:54]
2019-04-26 23:48:37,106 - basepage - INFO - 输入操作：模块 LoginPage 下的元素 ('id', 'com.lemon.lemonban:id/et_password')输入文本  - [basepage.py:96]
2019-04-26 23:48:37,684 - basepage - INFO - 等待元素可见：('id', 'com.lemon.lemonban:id/btn_login') - [basepage.py:31]
2019-04-26 23:48:38,263 - basepage - INFO - 元素已可见。等待元素可见总时长:0.5790407657623291 - [basepage.py:39]
2019-04-26 23:48:38,263 - basepage - INFO - 点击操作：模块 LoginPage 下的元素 ('id', 'com.lemon.lemonban:id/btn_login') - [basepage.py:81]
2019-04-26 23:48:38,845 - basepage - INFO - 查找模块：model下的元素：('xpath', '//*[contains(@text,"手机号码或密码不能为空")]') - [basepage.py:51]
2019-04-26 23:48:38,992 - basepage - INFO - 查找到元素成功 - [basepage.py:54]
2019-04-26 23:48:39,109 - test_login - INFO - 获取toast:手机号码或密码不能为空成功 - [test_login.py:41]
2019-04-26 23:48:39,153 - basepage - INFO - 等待元素可见：('id', 'com.lemon.lemonban:id/et_mobile') - [basepage.py:31]
2019-04-26 23:48:39,265 - basepage - INFO - 元素已可见。等待元素可见总时长:0.11136603355407715 - [basepage.py:39]
2019-04-26 23:48:39,265 - basepage - INFO - 点击操作：模块 LoginPage 下的元素 ('id', 'com.lemon.lemonban:id/et_mobile') - [basepage.py:81]
2019-04-26 23:48:39,331 - basepage - INFO - 查找模块：model下的元素：('id', 'com.lemon.lemonban:id/et_mobile') - [basepage.py:51]
2019-04-26 23:48:39,971 - basepage - INFO - 查找到元素成功 - [basepage.py:54]
2019-04-26 23:48:40,040 - basepage - INFO - 查找模块：LoginPage下的元素：('id', 'com.lemon.lemonban:id/et_mobile') - [basepage.py:51]
2019-04-26 23:48:40,661 - basepage - INFO - 查找到元素成功 - [basepage.py:54]
2019-04-26 23:48:40,662 - basepage - INFO - 输入操作：模块 LoginPage 下的元素 ('id', 'com.lemon.lemonban:id/et_mobile')输入文本 adassadd - [basepage.py:96]
2019-04-26 23:48:41,261 - basepage - INFO - 等待元素可见：('id', 'com.lemon.lemonban:id/et_password') - [basepage.py:31]
2019-04-26 23:48:41,828 - basepage - INFO - 元素已可见。等待元素可见总时长:0.5673036575317383 - [basepage.py:39]
2019-04-26 23:48:41,828 - basepage - INFO - 点击操作：模块 LoginPage 下的元素 ('id', 'com.lemon.lemonban:id/et_password') - [basepage.py:81]
2019-04-26 23:48:41,888 - basepage - INFO - 查找模块：model下的元素：('id', 'com.lemon.lemonban:id/et_password') - [basepage.py:51]
2019-04-26 23:48:42,411 - basepage - INFO - 查找到元素成功 - [basepage.py:54]
2019-04-26 23:48:42,476 - basepage - INFO - 查找模块：LoginPage下的元素：('id', 'com.lemon.lemonban:id/et_password') - [basepage.py:51]
2019-04-26 23:48:42,995 - basepage - INFO - 查找到元素成功 - [basepage.py:54]
2019-04-26 23:48:42,996 - basepage - INFO - 输入操作：模块 LoginPage 下的元素 ('id', 'com.lemon.lemonban:id/et_password')输入文本 dasdas - [basepage.py:96]
2019-04-26 23:48:43,581 - basepage - INFO - 等待元素可见：('id', 'com.lemon.lemonban:id/btn_login') - [basepage.py:31]
2019-04-26 23:48:44,151 - basepage - INFO - 元素已可见。等待元素可见总时长:0.5697510242462158 - [basepage.py:39]
2019-04-26 23:48:44,151 - basepage - INFO - 点击操作：模块 LoginPage 下的元素 ('id', 'com.lemon.lemonban:id/btn_login') - [basepage.py:81]
2019-04-26 23:48:44,724 - basepage - INFO - 查找模块：model下的元素：('xpath', '//*[contains(@text,"手机号码格式不正确")]') - [basepage.py:51]
2019-04-26 23:48:44,858 - basepage - INFO - 查找到元素成功 - [basepage.py:54]
2019-04-26 23:48:44,976 - test_login - INFO - 获取toast:手机号码格式不正确成功 - [test_login.py:41]
2019-04-26 23:48:45,011 - basepage - INFO - 等待元素可见：('id', 'com.lemon.lemonban:id/et_mobile') - [basepage.py:31]
2019-04-26 23:48:45,121 - basepage - INFO - 元素已可见。等待元素可见总时长:0.10934829711914062 - [basepage.py:39]
2019-04-26 23:48:45,121 - basepage - INFO - 点击操作：模块 LoginPage 下的元素 ('id', 'com.lemon.lemonban:id/et_mobile') - [basepage.py:81]
2019-04-26 23:48:45,200 - basepage - INFO - 查找模块：model下的元素：('id', 'com.lemon.lemonban:id/et_mobile') - [basepage.py:51]
2019-04-26 23:48:45,820 - basepage - INFO - 查找到元素成功 - [basepage.py:54]
2019-04-26 23:48:45,883 - basepage - INFO - 查找模块：LoginPage下的元素：('id', 'com.lemon.lemonban:id/et_mobile') - [basepage.py:51]
2019-04-26 23:48:46,517 - basepage - INFO - 查找到元素成功 - [basepage.py:54]
2019-04-26 23:48:46,518 - basepage - INFO - 输入操作：模块 LoginPage 下的元素 ('id', 'com.lemon.lemonban:id/et_mobile')输入文本 17751810779 - [basepage.py:96]
2019-04-26 23:48:47,117 - basepage - INFO - 等待元素可见：('id', 'com.lemon.lemonban:id/et_password') - [basepage.py:31]
2019-04-26 23:48:47,667 - basepage - INFO - 元素已可见。等待元素可见总时长:0.5504417419433594 - [basepage.py:39]
2019-04-26 23:48:47,667 - basepage - INFO - 点击操作：模块 LoginPage 下的元素 ('id', 'com.lemon.lemonban:id/et_password') - [basepage.py:81]
2019-04-26 23:48:47,737 - basepage - INFO - 查找模块：model下的元素：('id', 'com.lemon.lemonban:id/et_password') - [basepage.py:51]
2019-04-26 23:48:48,371 - basepage - INFO - 查找到元素成功 - [basepage.py:54]
2019-04-26 23:48:48,441 - basepage - INFO - 查找模块：LoginPage下的元素：('id', 'com.lemon.lemonban:id/et_password') - [basepage.py:51]
2019-04-26 23:48:49,059 - basepage - INFO - 查找到元素成功 - [basepage.py:54]
2019-04-26 23:48:49,059 - basepage - INFO - 输入操作：模块 LoginPage 下的元素 ('id', 'com.lemon.lemonban:id/et_password')输入文本 156 - [basepage.py:96]
2019-04-26 23:48:49,649 - basepage - INFO - 等待元素可见：('id', 'com.lemon.lemonban:id/btn_login') - [basepage.py:31]
2019-04-26 23:48:50,211 - basepage - INFO - 元素已可见。等待元素可见总时长:0.5623674392700195 - [basepage.py:39]
2019-04-26 23:48:50,211 - basepage - INFO - 点击操作：模块 LoginPage 下的元素 ('id', 'com.lemon.lemonban:id/btn_login') - [basepage.py:81]
2019-04-26 23:48:50,782 - basepage - INFO - 查找模块：model下的元素：('xpath', '//*[contains(@text,"密码格式不正确")]') - [basepage.py:51]
2019-04-26 23:48:50,922 - basepage - INFO - 查找到元素成功 - [basepage.py:54]
2019-04-26 23:48:51,045 - test_login - INFO - 获取toast:密码格式不正确成功 - [test_login.py:41]
2019-04-26 23:48:51,079 - basepage - INFO - 等待元素可见：('id', 'com.lemon.lemonban:id/et_mobile') - [basepage.py:31]
2019-04-26 23:48:51,184 - basepage - INFO - 元素已可见。等待元素可见总时长:0.10446739196777344 - [basepage.py:39]
2019-04-26 23:48:51,184 - basepage - INFO - 点击操作：模块 LoginPage 下的元素 ('id', 'com.lemon.lemonban:id/et_mobile') - [basepage.py:81]
2019-04-26 23:48:51,277 - basepage - INFO - 查找模块：model下的元素：('id', 'com.lemon.lemonban:id/et_mobile') - [basepage.py:51]
2019-04-26 23:48:51,908 - basepage - INFO - 查找到元素成功 - [basepage.py:54]
2019-04-26 23:48:51,966 - basepage - INFO - 查找模块：LoginPage下的元素：('id', 'com.lemon.lemonban:id/et_mobile') - [basepage.py:51]
2019-04-26 23:48:52,586 - basepage - INFO - 查找到元素成功 - [basepage.py:54]
2019-04-26 23:48:52,587 - basepage - INFO - 输入操作：模块 LoginPage 下的元素 ('id', 'com.lemon.lemonban:id/et_mobile')输入文本 17751810779 - [basepage.py:96]
2019-04-26 23:48:53,165 - basepage - INFO - 等待元素可见：('id', 'com.lemon.lemonban:id/et_password') - [basepage.py:31]
2019-04-26 23:48:53,715 - basepage - INFO - 元素已可见。等待元素可见总时长:0.5497715473175049 - [basepage.py:39]
2019-04-26 23:48:53,715 - basepage - INFO - 点击操作：模块 LoginPage 下的元素 ('id', 'com.lemon.lemonban:id/et_password') - [basepage.py:81]
2019-04-26 23:48:53,769 - basepage - INFO - 查找模块：model下的元素：('id', 'com.lemon.lemonban:id/et_password') - [basepage.py:51]
2019-04-26 23:48:54,406 - basepage - INFO - 查找到元素成功 - [basepage.py:54]
2019-04-26 23:48:54,476 - basepage - INFO - 查找模块：LoginPage下的元素：('id', 'com.lemon.lemonban:id/et_password') - [basepage.py:51]
2019-04-26 23:48:55,084 - basepage - INFO - 查找到元素成功 - [basepage.py:54]
2019-04-26 23:48:55,084 - basepage - INFO - 输入操作：模块 LoginPage 下的元素 ('id', 'com.lemon.lemonban:id/et_password')输入文本 810779 - [basepage.py:96]
2019-04-26 23:48:55,682 - basepage - INFO - 等待元素可见：('id', 'com.lemon.lemonban:id/btn_login') - [basepage.py:31]
2019-04-26 23:48:56,265 - basepage - INFO - 元素已可见。等待元素可见总时长:0.5827257633209229 - [basepage.py:39]
2019-04-26 23:48:56,266 - basepage - INFO - 点击操作：模块 LoginPage 下的元素 ('id', 'com.lemon.lemonban:id/btn_login') - [basepage.py:81]
2019-04-26 23:48:56,309 - basepage - INFO - 等待元素可见：('id', 'com.lemon.lemonban:id/navigation_tiku') - [basepage.py:31]
2019-04-26 23:48:59,694 - basepage - INFO - 元素已可见。等待元素可见总时长:3.383664846420288 - [basepage.py:39]
2019-04-26 23:49:00,571 - test_login - INFO - 登录成功 - [test_login.py:58]
2019-04-26 23:49:00,618 - basepage - INFO - 等待元素可见：('id', 'com.lemon.lemonban:id/navigation_tiku') - [basepage.py:31]
2019-04-26 23:49:00,867 - basepage - INFO - 元素已可见。等待元素可见总时长:0.2489924430847168 - [basepage.py:39]
2019-04-26 23:49:01,929 - basepage - INFO - 查找模块：tiku下的元素：('id', 'com.lemon.lemonban:id/fragment_category_type') - [basepage.py:64]
2019-04-26 23:49:02,472 - basepage - INFO - 查找到元素成功 - [basepage.py:67]
2019-04-26 23:49:04,886 - basepage - INFO - 查找模块：tiku下的元素：('id', 'com.lemon.lemonban:id/fragment_category_type') - [basepage.py:64]
2019-04-26 23:49:05,096 - basepage - INFO - 查找到元素成功 - [basepage.py:67]
2019-04-26 23:49:15,055 - basepage - INFO - 等待元素可见：('-android uiautomator', 'new UiSelector().text("安全测试")') - [basepage.py:31]
2019-04-26 23:49:15,425 - basepage - INFO - 元素已可见。等待元素可见总时长:0.3700287342071533 - [basepage.py:39]
2019-04-26 23:49:17,001 - basepage - INFO - 查找模块：tikuPage下的元素：('id', 'com.lemon.lemonban:id/second_level') - [basepage.py:51]
2019-04-26 23:49:17,061 - basepage - INFO - 查找到元素成功 - [basepage.py:54]
